This is pdfTeX, Version 3.14159265-2.6-1.40.18 (TeX Live 2017/Debian) (preloaded format=latex 2023.5.31)  3 JAN 2024 13:00
entering extended mode
 restricted \write18 enabled.
 %&-line parsing enabled.
**dommod
(./dommod.tex
LaTeX2e <2017-04-15>
Babel <3.18> and hyphenation patterns for 84 language(s) loaded.
(./bjorner-svmono.cls

LaTeX Warning: You have requested document class `bjorner-svmono',
               but the document class provides `svmono'.

Document Class: svmono 2009/12/17 v5.5 JSpringer Verlag global LaTeX document c
lass for monographs

Class Springer-SVMono Warning: Specified option or subpackage "usenames" 
(Springer-SVMono)              not found passing it to article class 
(Springer-SVMono)              - on input line 231.


Class Springer-SVMono Warning: Specified option or subpackage "dvipsnames" 
(Springer-SVMono)              not found passing it to article class 
(Springer-SVMono)              - on input line 231.


Class Springer-SVMono Warning: Specified option or subpackage "10pt" 
(Springer-SVMono)              not found passing it to article class 
(Springer-SVMono)              - on input line 231.

Class Springer-SVMono Info: extra/valid Springer sub-package 
(Springer-SVMono)           not found in option list - using "global" style.
(./article.cls
Document Class: article 2014/09/29 v1.4h Standard LaTeX document class
(/usr/share/texlive/texmf-dist/tex/latex/base/size10.clo
File: size10.clo 2014/09/29 v1.4h Standard LaTeX file (size option)
)
\c@part=\count79
\c@section=\count80
\c@subsection=\count81
\c@subsubsection=\count82
\c@paragraph=\count83
\c@subparagraph=\count84
\c@figure=\count85
\c@table=\count86
\abovecaptionskip=\skip41
\belowcaptionskip=\skip42
\bibindent=\dimen102
)
\svparindent=\dimen103
\betweenumberspace=\dimen104
\headlineindent=\dimen105
\c@chapter=\count87
\mottowidth=\dimen106
\svitemindent=\dimen107
\verbatimindent=\dimen108
LaTeX Font Info:    Redeclaring math symbol \Gamma on input line 861.
LaTeX Font Info:    Redeclaring math symbol \Delta on input line 862.
LaTeX Font Info:    Redeclaring math symbol \Theta on input line 863.
LaTeX Font Info:    Redeclaring math symbol \Lambda on input line 864.
LaTeX Font Info:    Redeclaring math symbol \Xi on input line 865.
LaTeX Font Info:    Redeclaring math symbol \Pi on input line 866.
LaTeX Font Info:    Redeclaring math symbol \Sigma on input line 867.
LaTeX Font Info:    Redeclaring math symbol \Upsilon on input line 868.
LaTeX Font Info:    Redeclaring math symbol \Phi on input line 869.
LaTeX Font Info:    Redeclaring math symbol \Psi on input line 870.
LaTeX Font Info:    Redeclaring math symbol \Omega on input line 871.
\tocchpnum=\dimen109
\tocsecnum=\dimen110
\tocsectotal=\dimen111
\tocsubsecnum=\dimen112
\tocsubsectotal=\dimen113
\tocsubsubsecnum=\dimen114
\tocsubsubsectotal=\dimen115
\tocparanum=\dimen116
\tocparatotal=\dimen117
\tocsubparanum=\dimen118
\foot@parindent=\dimen119
\spthmsep=\dimen120
\c@theorem=\count88
\c@case=\count89
\c@conjecture=\count90
\c@corollary=\count91
\c@definition=\count92
\c@example=\count93
\c@exercise=\count94
\c@lemma=\count95
\c@note=\count96
\c@problem=\count97
\c@property=\count98
\c@proposition=\count99
\c@question=\count100
\c@solution=\count101
\c@remark=\count102
\c@prob=\count103
\instindent=\dimen121
\figgap=\dimen122
\bildb@x=\box26
\figcapgap=\dimen123
\tabcapgap=\dimen124
\c@merk=\count104
LaTeX Info: Redefining \abstract on input line 1929.
)
(/usr/share/texlive/texmf-dist/tex/latex/graphics/color.sty
Package: color 2016/07/10 v1.1e Standard LaTeX Color (DPC)

(/usr/share/texlive/texmf-dist/tex/latex/graphics-cfg/color.cfg
File: color.cfg 2016/01/02 v1.6 sample color configuration
)
Package color Info: Driver file: dvips.def on input line 147.

(/usr/share/texlive/texmf-dist/tex/latex/graphics-def/dvips.def
File: dvips.def 2017/06/20 v3.1d Graphics/color driver for dvips
)
(/usr/share/texlive/texmf-dist/tex/latex/graphics/dvipsnam.def
File: dvipsnam.def 2016/06/17 v3.0m Driver-dependent file (DPC,SPQR)
)) (./framed.sty
Package: framed 2011/10/22 v 0.96: framed or shaded text with page breaks
\OuterFrameSep=\skip43
\fb@frw=\dimen125
\fb@frh=\dimen126
\FrameRule=\dimen127
\FrameSep=\dimen128
) (/usr/share/texlive/texmf-dist/tex/latex/geometry/geometry.sty
Package: geometry 2010/09/12 v5.6 Page Geometry

(/usr/share/texlive/texmf-dist/tex/latex/graphics/keyval.sty
Package: keyval 2014/10/28 v1.15 key=value parser (DPC)
\KV@toks@=\toks14
)
(/usr/share/texlive/texmf-dist/tex/generic/oberdiek/ifpdf.sty
Package: ifpdf 2017/03/15 v3.2 Provides the ifpdf switch
)
(/usr/share/texlive/texmf-dist/tex/generic/oberdiek/ifvtex.sty
Package: ifvtex 2016/05/16 v1.6 Detect VTeX and its facilities (HO)
Package ifvtex Info: VTeX not detected.
)
(/usr/share/texlive/texmf-dist/tex/generic/ifxetex/ifxetex.sty
Package: ifxetex 2010/09/12 v0.6 Provides ifxetex conditional
)
\Gm@cnth=\count105
\Gm@cntv=\count106
\c@Gm@tempcnt=\count107
\Gm@bindingoffset=\dimen129
\Gm@wd@mp=\dimen130
\Gm@odd@mp=\dimen131
\Gm@even@mp=\dimen132
\Gm@layoutwidth=\dimen133
\Gm@layoutheight=\dimen134
\Gm@layouthoffset=\dimen135
\Gm@layoutvoffset=\dimen136
\Gm@dimlist=\toks15
)
(/usr/share/texlive/texmf-dist/tex/latex/etex-pkg/etex.sty
Package: etex 2016/08/01 v2.7 eTeX basic definition package (PEB,DPC)
\et@xins=\count108
)
(/usr/share/texlive/texmf-dist/tex/latex/cite/cite.sty
LaTeX Info: Redefining \cite on input line 302.
LaTeX Info: Redefining \nocite on input line 332.
Package: cite 2015/02/27  v 5.5
) (./minitoc.sty
Package: minitoc 2015/07/13 v61 Package minitoc

(/usr/share/texlive/texmf-dist/tex/latex/minitoc/mtcmess.sty
Package: mtcmess 2006/03/14
)
Package minitoc Info: I0001
(minitoc)             *** minitoc package, version 61 ***.
\tf@mtc=\write3
\mtcindent=\skip44
\mtcskipamount=\skip45
Package minitoc Info: I0005
(minitoc)             compatible with hyperref.
Package minitoc Info: I0023
(minitoc)             part level macros available.
Package minitoc Info: I0003
(minitoc)             chapter level macros available.
\mtc@toks=\toks16
\mtc@strutbox=\box27
\mtc@hstrutbox=\box28
Package minitoc Info: I0002
(minitoc)             Autoconfiguration of extensions.
\openout3 = `dommod.mtc0'.

\openout3 = `dommod.mtc'.

 (./dommod.mtc0)
Package minitoc Info: I0012
(minitoc)             Long extensions (Unix-like) will be used.
Package minitoc Info: I0031
(minitoc)             ==> this version is configured for UNIX-like 
(minitoc)                 (long extensions) file names.
\openout3 = `dommod.mtc'.

\openout3 = `dommod.mtc0'.

\c@mtc=\count109
\c@minitocdepth=\count110
\c@ptc=\count111
\c@parttocdepth=\count112
\ptcindent=\skip46
Package minitoc Info: I0010
(minitoc)             The english language is selected.
(minitoc)              on input line 4909.

(/usr/share/texlive/texmf-dist/tex/latex/minitoc/english.mld
File: english.mld 2006/01/13
)
(/usr/share/texlive/texmf-dist/tex/latex/minitoc/english.mld
File: english.mld 2006/01/13
)) (./mathptmx.sty
Package: mathptmx 2005/04/12 PSNFSS-v9.2a Times w/ Math, improved (SPQR, WaS) 
LaTeX Font Info:    Redeclaring symbol font `operators' on input line 28.
LaTeX Font Info:    Overwriting symbol font `operators' in version `normal'
(Font)                  OT1/cmr/m/n --> OT1/ztmcm/m/n on input line 28.
LaTeX Font Info:    Overwriting symbol font `operators' in version `bold'
(Font)                  OT1/cmr/bx/n --> OT1/ztmcm/m/n on input line 28.
LaTeX Font Info:    Redeclaring symbol font `letters' on input line 29.
LaTeX Font Info:    Overwriting symbol font `letters' in version `normal'
(Font)                  OML/cmm/m/it --> OML/ztmcm/m/it on input line 29.
LaTeX Font Info:    Overwriting symbol font `letters' in version `bold'
(Font)                  OML/cmm/b/it --> OML/ztmcm/m/it on input line 29.
LaTeX Font Info:    Redeclaring symbol font `symbols' on input line 30.
LaTeX Font Info:    Overwriting symbol font `symbols' in version `normal'
(Font)                  OMS/cmsy/m/n --> OMS/ztmcm/m/n on input line 30.
LaTeX Font Info:    Overwriting symbol font `symbols' in version `bold'
(Font)                  OMS/cmsy/b/n --> OMS/ztmcm/m/n on input line 30.
LaTeX Font Info:    Redeclaring symbol font `largesymbols' on input line 31.
LaTeX Font Info:    Overwriting symbol font `largesymbols' in version `normal'
(Font)                  OMX/cmex/m/n --> OMX/ztmcm/m/n on input line 31.
LaTeX Font Info:    Overwriting symbol font `largesymbols' in version `bold'
(Font)                  OMX/cmex/m/n --> OMX/ztmcm/m/n on input line 31.
\symbold=\mathgroup4
\symitalic=\mathgroup5
LaTeX Font Info:    Redeclaring math alphabet \mathbf on input line 34.
LaTeX Font Info:    Overwriting math alphabet `\mathbf' in version `normal'
(Font)                  OT1/cmr/bx/n --> OT1/ptm/bx/n on input line 34.
LaTeX Font Info:    Overwriting math alphabet `\mathbf' in version `bold'
(Font)                  OT1/cmr/bx/n --> OT1/ptm/bx/n on input line 34.
LaTeX Font Info:    Redeclaring math alphabet \mathit on input line 35.
LaTeX Font Info:    Overwriting math alphabet `\mathit' in version `normal'
(Font)                  OT1/cmr/m/it --> OT1/ptm/m/it on input line 35.
LaTeX Font Info:    Overwriting math alphabet `\mathit' in version `bold'
(Font)                  OT1/cmr/bx/it --> OT1/ptm/m/it on input line 35.
LaTeX Info: Redefining \hbar on input line 50.
) (/usr/share/texlive/texmf-dist/tex/latex/psnfss/helvet.sty
Package: helvet 2005/04/12 PSNFSS-v9.2a (WaS) 
)
(/usr/share/texlive/texmf-dist/tex/latex/psnfss/courier.sty
Package: courier 2005/04/12 PSNFSS-v9.2a (WaS) 
) (./graphicx.sty
Package: graphicx 1999/02/16 v1.0f Enhanced LaTeX Graphics (DPC,SPQR)

(/usr/share/texlive/texmf-dist/tex/latex/graphics/graphics.sty
Package: graphics 2017/06/25 v1.2c Standard LaTeX Graphics (DPC,SPQR)

(/usr/share/texlive/texmf-dist/tex/latex/graphics/trig.sty
Package: trig 2016/01/03 v1.10 sin cos tan (DPC)
)
(/usr/share/texlive/texmf-dist/tex/latex/graphics-cfg/graphics.cfg
File: graphics.cfg 2016/06/04 v1.11 sample graphics configuration
)
Package graphics Info: Driver file: dvips.def on input line 99.
)
\Gin@req@height=\dimen137
\Gin@req@width=\dimen138
)
(./makeidx.sty
Package: makeidx 2000/03/29 v1.0m Standard LaTeX package
) (./multicol.sty
Package: multicol 2006/05/18 v1.6g multicolumn formatting (FMi)
\c@tracingmulticols=\count113
\mult@box=\box29
\multicol@leftmargin=\dimen139
\c@unbalance=\count114
\c@collectmore=\count115
\doublecol@number=\count116
\multicoltolerance=\count117
\multicolpretolerance=\count118
\full@width=\dimen140
\page@free=\dimen141
\premulticols=\dimen142
\postmulticols=\dimen143
\multicolsep=\skip47
\multicolbaselineskip=\skip48
\partial@page=\box30
\last@line=\box31
\mult@rightbox=\box32
\mult@grightbox=\box33
\mult@gfirstbox=\box34
\mult@firstbox=\box35
\@tempa=\box36
\@tempa=\box37
\@tempa=\box38
\@tempa=\box39
\@tempa=\box40
\@tempa=\box41
\@tempa=\box42
\@tempa=\box43
\@tempa=\box44
\@tempa=\box45
\@tempa=\box46
\@tempa=\box47
\@tempa=\box48
\@tempa=\box49
\@tempa=\box50
\@tempa=\box51
\@tempa=\box52
\c@columnbadness=\count119
\c@finalcolumnbadness=\count120
\last@try=\dimen144
\multicolovershoot=\dimen145
\multicolundershoot=\dimen146
\mult@nat@firstbox=\box53
\colbreak@box=\box54
)
(/usr/share/texlive/texmf-dist/tex/latex/footmisc/footmisc.sty
Package: footmisc 2011/06/06 v5.5b a miscellany of footnote facilities
\FN@temptoken=\toks17
\footnotemargin=\dimen147
\c@pp@next@reset=\count121
Package footmisc Info: Declaring symbol style bringhurst on input line 855.
Package footmisc Info: Declaring symbol style chicago on input line 863.
Package footmisc Info: Declaring symbol style wiley on input line 872.
Package footmisc Info: Declaring symbol style lamport-robust on input line 883.

Package footmisc Info: Declaring symbol style lamport* on input line 903.
Package footmisc Info: Declaring symbol style lamport*-robust on input line 924
.
)
(/usr/share/texlive/texmf-dist/tex/latex/koma-script/scrwfile.sty
Package: scrwfile 2013/08/05 v0.1f-alpha KOMA-Script package (write and clone f
iles)


Package scrwfile Warning: THIS IS AN ALPHA VERSION!
(scrwfile)                USAGE OF THIS VERSION IS ON YOUR OWN RISK!
(scrwfile)                EVERYTHING MAY HAPPEN!
(scrwfile)                EVERYTHING MAY CHANGE IN FUTURE!
(scrwfile)                THERE IS NO SUPPORT, IF YOU USE THIS PACKAGE!
(scrwfile)                Maybe, it would be better not to load this package..

(/usr/share/texlive/texmf-dist/tex/latex/koma-script/scrbase.sty
Package: scrbase 2017/09/07 v3.24 KOMA-Script package (KOMA-Script-independent 
basics and keyval usage)

(/usr/share/texlive/texmf-dist/tex/latex/koma-script/scrlfile.sty
Package: scrlfile 2017/09/07 v3.24 KOMA-Script package (loading files)
))
(/usr/share/texlive/texmf-dist/tex/latex/koma-script/tocbasic.sty
Package: tocbasic 2017/09/07 v3.24 KOMA-Script package (handling toc-files)
\scr@dte@tocline@numberwidth=\skip49
\scr@dte@tocline@numbox=\box55
))
(/usr/share/texlive/texmf-dist/tex/latex/xcolor/xcolor.sty
Package: xcolor 2016/05/11 v2.12 LaTeX color extensions (UK)

(/usr/share/texlive/texmf-dist/tex/latex/graphics-cfg/color.cfg
File: color.cfg 2016/01/02 v1.6 sample color configuration
)
Package xcolor Info: Driver file: dvips.def on input line 225.
LaTeX Info: Redefining \color on input line 709.
Package xcolor Info: Model `cmy' substituted by `cmy0' on input line 1348.
Package xcolor Info: Model `RGB' extended on input line 1364.
Package xcolor Info: Model `HTML' substituted by `rgb' on input line 1366.
Package xcolor Info: Model `Hsb' substituted by `hsb' on input line 1367.
Package xcolor Info: Model `tHsb' substituted by `hsb' on input line 1368.
Package xcolor Info: Model `HSB' substituted by `hsb' on input line 1369.
Package xcolor Info: Model `Gray' substituted by `gray' on input line 1370.
Package xcolor Info: Model `wave' substituted by `hsb' on input line 1371.

(/usr/share/texlive/texmf-dist/tex/latex/graphics/dvipsnam.def
File: dvipsnam.def 2016/06/17 v3.0m Driver-dependent file (DPC,SPQR)
)) (./shading.sty
\graybox=\box56
\xgrayspace=\dimen148
\ygrayspace=\dimen149
) (./shadethm.sty
Package: shadethm 1999/11/23
\saveparindent=\skip50
\shadeboxsep=\skip51
\shadeboxrule=\skip52
\shadedtextwidth=\skip53
\shadeleftshift=\skip54
\shaderightshift=\skip55
\shadesavebox=\box57
) (./changebar.sty
Package: changebar 2005/09/18 v3.5c Indicate changes with marginal bars
\cb@nextpoint=\count122
\cb@topleft=\count123
\cb@topright=\count124
\cb@botleft=\count125
\cb@botright=\count126
\cb@cnta=\count127
\cb@cntb=\count128
\cb@dima=\dimen150
\cb@curbarwd=\dimen151
\cb@page=\count129
\cb@pagecount=\count130
\cb@odd@left=\dimen152
\cb@odd@right=\dimen153
\cb@even@left=\dimen154
\cb@even@right=\dimen155
\changebarwidth=\skip56
\deletebarwidth=\skip57
\changebarsep=\skip58
\c@changebargrey=\count131
\cb@write=\write4
\cb@read=\read1
\openout4 = `dommod.cb'.

)
(/usr/share/texlive/texmf-dist/tex/latex/amsmath/amsmath.sty
Package: amsmath 2017/09/02 v2.17a AMS math features
\@mathmargin=\skip59

For additional information on amsmath, use the `?' option.
(/usr/share/texlive/texmf-dist/tex/latex/amsmath/amstext.sty
Package: amstext 2000/06/29 v2.01 AMS text

(/usr/share/texlive/texmf-dist/tex/latex/amsmath/amsgen.sty
File: amsgen.sty 1999/11/30 v2.0 generic functions
\@emptytoks=\toks18
\ex@=\dimen156
))
(/usr/share/texlive/texmf-dist/tex/latex/amsmath/amsbsy.sty
Package: amsbsy 1999/11/29 v1.2d Bold Symbols
\pmbraise@=\dimen157
)
(/usr/share/texlive/texmf-dist/tex/latex/amsmath/amsopn.sty
Package: amsopn 2016/03/08 v2.02 operator names
)
\inf@bad=\count132
LaTeX Info: Redefining \frac on input line 213.
\uproot@=\count133
\leftroot@=\count134
LaTeX Info: Redefining \overline on input line 375.
\classnum@=\count135
\DOTSCASE@=\count136
LaTeX Info: Redefining \ldots on input line 472.
LaTeX Info: Redefining \dots on input line 475.
LaTeX Info: Redefining \cdots on input line 596.
\Mathstrutbox@=\box58
\strutbox@=\box59
\big@size=\dimen158
LaTeX Font Info:    Redeclaring font encoding OML on input line 712.
LaTeX Font Info:    Redeclaring font encoding OMS on input line 713.


Package amsmath Warning: Unable to redefine math accent \vec.

\macc@depth=\count137
\c@MaxMatrixCols=\count138
\dotsspace@=\muskip10
\c@parentequation=\count139
\dspbrk@lvl=\count140
\tag@help=\toks19
\row@=\count141
\column@=\count142
\maxfields@=\count143
\andhelp@=\toks20
\eqnshift@=\dimen159
\alignsep@=\dimen160
\tagshift@=\dimen161
\tagwidth@=\dimen162
\totwidth@=\dimen163
\lineht@=\dimen164
\@envbody=\toks21
\multlinegap=\skip60
\multlinetaggap=\skip61
\mathdisplay@stack=\toks22
LaTeX Info: Redefining \[ on input line 2817.
LaTeX Info: Redefining \] on input line 2818.
) (/usr/share/texlive/texmf-dist/tex/latex/amsfonts/amssymb.sty
Package: amssymb 2013/01/14 v3.01 AMS font symbols

(/usr/share/texlive/texmf-dist/tex/latex/amsfonts/amsfonts.sty
Package: amsfonts 2013/01/14 v3.01 Basic AMSFonts support
\symAMSa=\mathgroup6
\symAMSb=\mathgroup7
LaTeX Font Info:    Overwriting math alphabet `\mathfrak' in version `bold'
(Font)                  U/euf/m/n --> U/euf/b/n on input line 106.
))
(/usr/share/texlive/texmf-dist/tex/latex/wasysym/wasysym.sty
Package: wasysym 2003/10/30 v2.0 Wasy-2 symbol support package
\symwasy=\mathgroup8
LaTeX Font Info:    Overwriting symbol font `wasy' in version `bold'
(Font)                  U/wasy/m/n --> U/wasy/b/n on input line 90.
)
(/usr/share/texlive/texmf-dist/tex/latex/base/textcomp.sty
Package: textcomp 2017/04/05 v2.0i Standard LaTeX package
Package textcomp Info: Sub-encoding information:
(textcomp)               5 = only ISO-Adobe without \textcurrency
(textcomp)               4 = 5 + \texteuro
(textcomp)               3 = 4 + \textohm
(textcomp)               2 = 3 + \textestimated + \textcurrency
(textcomp)               1 = TS1 - \textcircled - \t
(textcomp)               0 = TS1 (full)
(textcomp)             Font families with sub-encoding setting implement
(textcomp)             only a restricted character set as indicated.
(textcomp)             Family '?' is the default used for unknown fonts.
(textcomp)             See the documentation for details.
Package textcomp Info: Setting ? sub-encoding to TS1/1 on input line 79.

(/usr/share/texlive/texmf-dist/tex/latex/base/ts1enc.def
File: ts1enc.def 2001/06/05 v3.0e (jk/car/fm) Standard LaTeX file
)
LaTeX Info: Redefining \oldstylenums on input line 334.
Package textcomp Info: Setting cmr sub-encoding to TS1/0 on input line 349.
Package textcomp Info: Setting cmss sub-encoding to TS1/0 on input line 350.
Package textcomp Info: Setting cmtt sub-encoding to TS1/0 on input line 351.
Package textcomp Info: Setting cmvtt sub-encoding to TS1/0 on input line 352.
Package textcomp Info: Setting cmbr sub-encoding to TS1/0 on input line 353.
Package textcomp Info: Setting cmtl sub-encoding to TS1/0 on input line 354.
Package textcomp Info: Setting ccr sub-encoding to TS1/0 on input line 355.
Package textcomp Info: Setting ptm sub-encoding to TS1/4 on input line 356.
Package textcomp Info: Setting pcr sub-encoding to TS1/4 on input line 357.
Package textcomp Info: Setting phv sub-encoding to TS1/4 on input line 358.
Package textcomp Info: Setting ppl sub-encoding to TS1/3 on input line 359.
Package textcomp Info: Setting pag sub-encoding to TS1/4 on input line 360.
Package textcomp Info: Setting pbk sub-encoding to TS1/4 on input line 361.
Package textcomp Info: Setting pnc sub-encoding to TS1/4 on input line 362.
Package textcomp Info: Setting pzc sub-encoding to TS1/4 on input line 363.
Package textcomp Info: Setting bch sub-encoding to TS1/4 on input line 364.
Package textcomp Info: Setting put sub-encoding to TS1/5 on input line 365.
Package textcomp Info: Setting uag sub-encoding to TS1/5 on input line 366.
Package textcomp Info: Setting ugq sub-encoding to TS1/5 on input line 367.
Package textcomp Info: Setting ul8 sub-encoding to TS1/4 on input line 368.
Package textcomp Info: Setting ul9 sub-encoding to TS1/4 on input line 369.
Package textcomp Info: Setting augie sub-encoding to TS1/5 on input line 370.
Package textcomp Info: Setting dayrom sub-encoding to TS1/3 on input line 371.
Package textcomp Info: Setting dayroms sub-encoding to TS1/3 on input line 372.

Package textcomp Info: Setting pxr sub-encoding to TS1/0 on input line 373.
Package textcomp Info: Setting pxss sub-encoding to TS1/0 on input line 374.
Package textcomp Info: Setting pxtt sub-encoding to TS1/0 on input line 375.
Package textcomp Info: Setting txr sub-encoding to TS1/0 on input line 376.
Package textcomp Info: Setting txss sub-encoding to TS1/0 on input line 377.
Package textcomp Info: Setting txtt sub-encoding to TS1/0 on input line 378.
Package textcomp Info: Setting lmr sub-encoding to TS1/0 on input line 379.
Package textcomp Info: Setting lmdh sub-encoding to TS1/0 on input line 380.
Package textcomp Info: Setting lmss sub-encoding to TS1/0 on input line 381.
Package textcomp Info: Setting lmssq sub-encoding to TS1/0 on input line 382.
Package textcomp Info: Setting lmvtt sub-encoding to TS1/0 on input line 383.
Package textcomp Info: Setting lmtt sub-encoding to TS1/0 on input line 384.
Package textcomp Info: Setting qhv sub-encoding to TS1/0 on input line 385.
Package textcomp Info: Setting qag sub-encoding to TS1/0 on input line 386.
Package textcomp Info: Setting qbk sub-encoding to TS1/0 on input line 387.
Package textcomp Info: Setting qcr sub-encoding to TS1/0 on input line 388.
Package textcomp Info: Setting qcs sub-encoding to TS1/0 on input line 389.
Package textcomp Info: Setting qpl sub-encoding to TS1/0 on input line 390.
Package textcomp Info: Setting qtm sub-encoding to TS1/0 on input line 391.
Package textcomp Info: Setting qzc sub-encoding to TS1/0 on input line 392.
Package textcomp Info: Setting qhvc sub-encoding to TS1/0 on input line 393.
Package textcomp Info: Setting futs sub-encoding to TS1/4 on input line 394.
Package textcomp Info: Setting futx sub-encoding to TS1/4 on input line 395.
Package textcomp Info: Setting futj sub-encoding to TS1/4 on input line 396.
Package textcomp Info: Setting hlh sub-encoding to TS1/3 on input line 397.
Package textcomp Info: Setting hls sub-encoding to TS1/3 on input line 398.
Package textcomp Info: Setting hlst sub-encoding to TS1/3 on input line 399.
Package textcomp Info: Setting hlct sub-encoding to TS1/5 on input line 400.
Package textcomp Info: Setting hlx sub-encoding to TS1/5 on input line 401.
Package textcomp Info: Setting hlce sub-encoding to TS1/5 on input line 402.
Package textcomp Info: Setting hlcn sub-encoding to TS1/5 on input line 403.
Package textcomp Info: Setting hlcw sub-encoding to TS1/5 on input line 404.
Package textcomp Info: Setting hlcf sub-encoding to TS1/5 on input line 405.
Package textcomp Info: Setting pplx sub-encoding to TS1/3 on input line 406.
Package textcomp Info: Setting pplj sub-encoding to TS1/3 on input line 407.
Package textcomp Info: Setting ptmx sub-encoding to TS1/4 on input line 408.
Package textcomp Info: Setting ptmj sub-encoding to TS1/4 on input line 409.
) (./mono-varioref.sty

LaTeX Warning: You have requested package `mono-varioref',
               but the package provides `varioref'.

Package: varioref 2006/05/13 v1.4p package for extended references (FMi)
\c@vrcnt=\count144
) (./a4wide.sty (/usr/share/texlive/texmf-dist/tex/latex/ntgclass/a4.sty

LaTeX Warning: You have requested package `a4wide',
               but the package provides `a4'.

Package: a4 2004/04/15 v1.2g A4 based page layout
)) (./multind.sty) (./epsfig.sty
Package: epsfig 1999/02/16 v1.7a (e)psfig emulation (SPQR)
\epsfxsize=\dimen165
\epsfysize=\dimen166
) (./ifthen.sty
Package: ifthen 2001/05/26 v1.1c Standard LaTeX ifthen package (DPC)
) (./calc.sty
Package: calc 2005/08/06 v4.2 Infix arithmetic (KKT,FJ)
\calc@Acount=\count145
\calc@Bcount=\count146
\calc@Adimen=\dimen167
\calc@Bdimen=\dimen168
\calc@Askip=\skip62
\calc@Bskip=\skip63
LaTeX Info: Redefining \setlength on input line 75.
LaTeX Info: Redefining \addtolength on input line 76.
\calc@Ccount=\count147
\calc@Cskip=\skip64
)
(/usr/share/texlive/texmf-dist/tex/latex/pxfonts/pxfonts.sty
Package: pxfonts 2008/01/22 v1.1.1
LaTeX Font Info:    Redeclaring symbol font `operators' on input line 21.
LaTeX Font Info:    Overwriting symbol font `operators' in version `normal'
(Font)                  OT1/ztmcm/m/n --> OT1/pxr/m/n on input line 21.
LaTeX Font Info:    Overwriting symbol font `operators' in version `bold'
(Font)                  OT1/ztmcm/m/n --> OT1/pxr/m/n on input line 21.
LaTeX Font Info:    Overwriting symbol font `operators' in version `bold'
(Font)                  OT1/pxr/m/n --> OT1/pxr/bx/n on input line 22.
LaTeX Font Info:    Redeclaring symbol font `italic' on input line 25.
LaTeX Font Info:    Overwriting symbol font `italic' in version `normal'
(Font)                  OT1/ptm/m/it --> OT1/pxr/m/it on input line 25.
LaTeX Font Info:    Overwriting symbol font `italic' in version `bold'
(Font)                  OT1/ptm/m/it --> OT1/pxr/m/it on input line 25.
LaTeX Font Info:    Overwriting symbol font `italic' in version `bold'
(Font)                  OT1/pxr/m/it --> OT1/pxr/bx/it on input line 26.
LaTeX Font Info:    Redeclaring math alphabet \mathbf on input line 29.
LaTeX Font Info:    Overwriting math alphabet `\mathbf' in version `normal'
(Font)                  OT1/ptm/bx/n --> OT1/pxr/bx/n on input line 29.
LaTeX Font Info:    Overwriting math alphabet `\mathbf' in version `bold'
(Font)                  OT1/ptm/bx/n --> OT1/pxr/bx/n on input line 29.
LaTeX Font Info:    Redeclaring math alphabet \mathit on input line 30.
LaTeX Font Info:    Overwriting math alphabet `\mathit' in version `normal'
(Font)                  OT1/ptm/m/it --> OT1/pxr/m/it on input line 30.
LaTeX Font Info:    Overwriting math alphabet `\mathit' in version `bold'
(Font)                  OT1/ptm/m/it --> OT1/pxr/m/it on input line 30.
LaTeX Font Info:    Overwriting math alphabet `\mathit' in version `bold'
(Font)                  OT1/pxr/m/it --> OT1/pxr/bx/it on input line 31.
LaTeX Font Info:    Redeclaring math alphabet \mathsf on input line 40.
LaTeX Font Info:    Overwriting math alphabet `\mathsf' in version `normal'
(Font)                  OT1/cmss/m/n --> OT1/pxss/m/n on input line 40.
LaTeX Font Info:    Overwriting math alphabet `\mathsf' in version `bold'
(Font)                  OT1/cmss/bx/n --> OT1/pxss/m/n on input line 40.
LaTeX Font Info:    Overwriting math alphabet `\mathsf' in version `bold'
(Font)                  OT1/pxss/m/n --> OT1/pxss/b/n on input line 41.
LaTeX Font Info:    Redeclaring math alphabet \mathtt on input line 50.
LaTeX Font Info:    Overwriting math alphabet `\mathtt' in version `normal'
(Font)                  OT1/cmtt/m/n --> OT1/pxtt/m/n on input line 50.
LaTeX Font Info:    Overwriting math alphabet `\mathtt' in version `bold'
(Font)                  OT1/cmtt/m/n --> OT1/pxtt/m/n on input line 50.
LaTeX Font Info:    Overwriting math alphabet `\mathtt' in version `bold'
(Font)                  OT1/pxtt/m/n --> OT1/pxtt/b/n on input line 51.
LaTeX Font Info:    Redeclaring symbol font `letters' on input line 58.
LaTeX Font Info:    Overwriting symbol font `letters' in version `normal'
(Font)                  OML/ztmcm/m/it --> OML/pxmi/m/it on input line 58.
LaTeX Font Info:    Overwriting symbol font `letters' in version `bold'
(Font)                  OML/ztmcm/m/it --> OML/pxmi/m/it on input line 58.
LaTeX Font Info:    Overwriting symbol font `letters' in version `bold'
(Font)                  OML/pxmi/m/it --> OML/pxmi/bx/it on input line 59.
\symlettersA=\mathgroup9
LaTeX Font Info:    Overwriting symbol font `lettersA' in version `bold'
(Font)                  U/pxmia/m/it --> U/pxmia/bx/it on input line 67.
LaTeX Font Info:    Redeclaring math alphabet \mathfrak on input line 70.
LaTeX Font Info:    Redeclaring symbol font `symbols' on input line 77.
LaTeX Font Info:    Overwriting symbol font `symbols' in version `normal'
(Font)                  OMS/ztmcm/m/n --> OMS/pxsy/m/n on input line 77.
LaTeX Font Info:    Overwriting symbol font `symbols' in version `bold'
(Font)                  OMS/ztmcm/m/n --> OMS/pxsy/m/n on input line 77.
LaTeX Font Info:    Overwriting symbol font `symbols' in version `bold'
(Font)                  OMS/pxsy/m/n --> OMS/pxsy/bx/n on input line 78.
LaTeX Font Info:    Redeclaring symbol font `AMSa' on input line 93.
LaTeX Font Info:    Overwriting symbol font `AMSa' in version `normal'
(Font)                  U/msa/m/n --> U/pxsya/m/n on input line 93.
LaTeX Font Info:    Overwriting symbol font `AMSa' in version `bold'
(Font)                  U/msa/m/n --> U/pxsya/m/n on input line 93.
LaTeX Font Info:    Overwriting symbol font `AMSa' in version `bold'
(Font)                  U/pxsya/m/n --> U/pxsya/bx/n on input line 94.
LaTeX Font Info:    Redeclaring symbol font `AMSb' on input line 102.
LaTeX Font Info:    Overwriting symbol font `AMSb' in version `normal'
(Font)                  U/msb/m/n --> U/pxsyb/m/n on input line 102.
LaTeX Font Info:    Overwriting symbol font `AMSb' in version `bold'
(Font)                  U/msb/m/n --> U/pxsyb/m/n on input line 102.
LaTeX Font Info:    Overwriting symbol font `AMSb' in version `bold'
(Font)                  U/pxsyb/m/n --> U/pxsyb/bx/n on input line 103.
\symsymbolsC=\mathgroup10
LaTeX Font Info:    Overwriting symbol font `symbolsC' in version `bold'
(Font)                  U/pxsyc/m/n --> U/pxsyc/bx/n on input line 113.
LaTeX Font Info:    Redeclaring symbol font `largesymbols' on input line 120.
LaTeX Font Info:    Overwriting symbol font `largesymbols' in version `normal'
(Font)                  OMX/ztmcm/m/n --> OMX/pxex/m/n on input line 120.
LaTeX Font Info:    Overwriting symbol font `largesymbols' in version `bold'
(Font)                  OMX/ztmcm/m/n --> OMX/pxex/m/n on input line 120.
LaTeX Font Info:    Overwriting symbol font `largesymbols' in version `bold'
(Font)                  OMX/pxex/m/n --> OMX/pxex/bx/n on input line 121.
\symlargesymbolsA=\mathgroup11
LaTeX Font Info:    Overwriting symbol font `largesymbolsA' in version `bold'
(Font)                  U/pxexa/m/n --> U/pxexa/bx/n on input line 129.
LaTeX Info: Redefining \not on input line 997.
) (./primer-sty.sty) (/usr/share/texlive/texmf-dist/tex/latex/pstricks/pstricks
.sty
Package: pstricks 2018/01/06 v0.67 LaTeX wrapper for `PSTricks' (RN,HV)

(/usr/share/texlive/texmf-dist/tex/generic/iftex/iftex.sty
Package: iftex 2013/04/04 v0.2 Provides if(tex) conditional for PDFTeX, XeTeX, 
and LuaTeX
)
(/usr/share/texlive/texmf-dist/tex/latex/tools/shellesc.sty
Package: shellesc 2016/06/07 v0.02a unified shell escape interface for LaTeX
Package shellesc Info: Restricted shell escape enabled on input line 69.
)
(/usr/share/texlive/texmf-dist/tex/generic/xkeyval/pst-xkey.tex
File: pst-xkey.tex 2005/11/25 v1.6 PSTricks specialization of xkeyval (HA)

(/usr/share/texlive/texmf-dist/tex/latex/xkeyval/xkeyval.sty
Package: xkeyval 2014/12/03 v2.7a package option processing (HA)

(/usr/share/texlive/texmf-dist/tex/generic/xkeyval/xkeyval.tex
(/usr/share/texlive/texmf-dist/tex/generic/xkeyval/xkvutils.tex
\XKV@toks=\toks23
\XKV@tempa@toks=\toks24
)
\XKV@depth=\count148
File: xkeyval.tex 2014/12/03 v2.7a key=value parser (HA)
)))
(/usr/share/texlive/texmf-dist/tex/generic/pstricks/pstricks.tex
(/usr/share/texlive/texmf-dist/tex/generic/pstricks/pst-fp.tex
`pst-fp' v0.05, 2010/01/17 (hv)
\pstFP@xs=\count149
\pstFP@xia=\count150
\pstFP@xib=\count151
\pstFP@xfa=\count152
\pstFP@xfb=\count153
\pstFP@rega=\count154
\pstFP@regb=\count155
\pstFP@regs=\count156
\pstFP@times=\count157
)
(/usr/share/texlive/texmf-dist/tex/generic/pgf/utilities/pgfutil-common.tex
\pgfutil@everybye=\toks25
\pgfutil@tempdima=\dimen169
\pgfutil@tempdimb=\dimen170

(/usr/share/texlive/texmf-dist/tex/generic/pgf/utilities/pgfutil-common-lists.t
ex)) (/usr/share/texlive/texmf-dist/tex/generic/pgf/utilities/pgfkeys.code.tex
\pgfkeys@pathtoks=\toks26
\pgfkeys@temptoks=\toks27

(/usr/share/texlive/texmf-dist/tex/generic/pgf/utilities/pgfkeysfiltered.code.t
ex
\pgfkeys@tmptoks=\toks28
)) (/usr/share/texlive/texmf-dist/tex/generic/pgf/utilities/pgffor.code.tex
(/usr/share/texlive/texmf-dist/tex/generic/pgf/math/pgfmath.code.tex
(/usr/share/texlive/texmf-dist/tex/generic/pgf/math/pgfmathcalc.code.tex
(/usr/share/texlive/texmf-dist/tex/generic/pgf/math/pgfmathutil.code.tex
\pgf@x=\dimen171
\pgf@xa=\dimen172
\pgf@xb=\dimen173
\pgf@xc=\dimen174
\pgf@y=\dimen175
\pgf@ya=\dimen176
\pgf@yb=\dimen177
\pgf@yc=\dimen178
\c@pgf@counta=\count158
\c@pgf@countb=\count159
\c@pgf@countc=\count160
\c@pgf@countd=\count161
\pgfutil@tempcnta=\count162
\pgfutil@tempcntb=\count163
)
(/usr/share/texlive/texmf-dist/tex/generic/pgf/math/pgfmathparser.code.tex
\pgfmath@dimen=\dimen179
\pgfmath@count=\count164
\pgfmath@box=\box60
\pgfmath@toks=\toks29
\pgfmath@stack@operand=\toks30
\pgfmath@stack@operation=\toks31
)
(/usr/share/texlive/texmf-dist/tex/generic/pgf/math/pgfmathfunctions.code.tex
(/usr/share/texlive/texmf-dist/tex/generic/pgf/math/pgfmathfunctions.basic.code
.tex)
(/usr/share/texlive/texmf-dist/tex/generic/pgf/math/pgfmathfunctions.trigonomet
ric.code.tex)
(/usr/share/texlive/texmf-dist/tex/generic/pgf/math/pgfmathfunctions.random.cod
e.tex)
(/usr/share/texlive/texmf-dist/tex/generic/pgf/math/pgfmathfunctions.comparison
.code.tex)
(/usr/share/texlive/texmf-dist/tex/generic/pgf/math/pgfmathfunctions.base.code.
tex)
(/usr/share/texlive/texmf-dist/tex/generic/pgf/math/pgfmathfunctions.round.code
.tex)
(/usr/share/texlive/texmf-dist/tex/generic/pgf/math/pgfmathfunctions.misc.code.
tex)
(/usr/share/texlive/texmf-dist/tex/generic/pgf/math/pgfmathfunctions.integerari
thmetics.code.tex)))
(/usr/share/texlive/texmf-dist/tex/generic/pgf/math/pgfmathfloat.code.tex
\c@pgfmathroundto@lastzeros=\count165
))
\pgffor@iter=\dimen180
\pgffor@skip=\dimen181
\pgffor@stack=\toks32
\pgffor@toks=\toks33
)
\psLoopIndex=\count166

`PSTricks' v2.82  <2018/01/06> (tvz,hv)
\pst@dima=\dimen182
\pst@dimb=\dimen183
\pst@dimc=\dimen184
\pst@dimd=\dimen185
\pst@dimg=\dimen186
\pst@dimh=\dimen187
\pst@dimm=\dimen188
\pst@dimn=\dimen189
\pst@dimo=\dimen190
\pst@dimp=\dimen191
\pst@hbox=\box61
\pst@ibox=\box62
\pst@boxg=\box63
\pst@cnta=\count167
\pst@cntb=\count168
\pst@cntc=\count169
\pst@cntd=\count170
\pst@cntg=\count171
\pst@cnth=\count172
\pst@cntm=\count173
\pst@cntn=\count174
\pst@cnto=\count175
\pst@cntp=\count176
\@zero=\count177
\pst@toks=\toks34
(/usr/share/texlive/texmf-dist/tex/generic/pstricks/pstricks.con)
\psunit=\dimen192
\psxunit=\dimen193
\psyunit=\dimen194
\pst@C@@rType=\count178
\pslinewidth=\dimen195
\psk@startLW=\dimen196
\psk@endLW=\dimen197
\pst@customdefs=\toks35
\pslinearc=\dimen198
\pst@symbolStep=\dimen199
Normal \dimen register pool exhausted, switching to extended pool.
\pst@symbolWidth=\dimen256
\pst@symbolLinewidth=\dimen257
\everypsbox=\toks36
\psframesep=\dimen258
\pslabelsep=\dimen259
\sh@wgridXunit=\dimen260
\sh@wgridYunit=\dimen261
\pst@shift=\dimen262
)
File: pstricks.tex 2018/01/06 v2.82 `PSTricks' (tvz,hv)

(/usr/share/texlive/texmf-dist/tex/generic/pstricks/pst-fp.tex)
File: pst-fp.tex 2018/01/06 v2.82 `PST-fp' (hv)
) (./psboxit.sty
\gray@box=\box64
\gray@space=\dimen263
) (./wrapfig.sty
\wrapoverhang=\dimen264
\WF@size=\dimen265
\c@WF@wrappedlines=\count179
\WF@box=\box65
\WF@everypar=\toks37
Package: wrapfig 2003/01/31  v 3.6
) (./boites.sty
File: boites.sty 
Package: boites 
\bk@bxb=\box66
\bk@bxa=\box67
\bk@lcnt=\count180
) (./boitesexamples.sty
File: boitesexemples.sty 


LaTeX Warning: You have requested package `boitesexamples',
               but the package provides `boitesexemples'.

Package: boitesexemples 
\bk@hauteurcourrante=\dimen266
\bk@hauteursuivante=\dimen267
\bk@tempdim=\dimen268
) (/usr/share/texlive/texmf-dist/tex/latex/psnfss/pifont.sty
Package: pifont 2005/04/12 PSNFSS-v9.2a Pi font support (SPQR) 
LaTeX Font Info:    Try loading font information for U+pzd on input line 63.

(/usr/share/texlive/texmf-dist/tex/latex/psnfss/upzd.fd
File: upzd.fd 2001/06/04 font definitions for U/pzd.
)
LaTeX Font Info:    Try loading font information for U+psy on input line 64.

(/usr/share/texlive/texmf-dist/tex/latex/psnfss/upsy.fd
File: upsy.fd 2001/06/04 font definitions for U/psy.
)) (./theenv.sty
\c@adomainlaw=\count181
\c@aside=\count182
\c@elaborate=\count183
\c@atprompt=\count184
\c@dodeno=\count185
\c@dlti=\count186
\c@aprompt=\count187
\c@afprompt=\count188
\c@dprompt=\count189
\c@shadepschema=\count190
\c@axiom=\count191
\c@discovery=\count192
\c@conjoin=\count193
)
(./daad.sty
\c@doafno=\count194
\c@attrdefn=\count195
\c@attributecat=\count196
\c@define=\count197
\c@charac=\count198
\c@shaderegel=\count199
Normal \count register pool exhausted, switching to extended pool.
\c@shadeeksempel=\count277
\c@xc=\count278
\c@jaistex=\count279
\c@axno=\count280
\c@pono=\count281
\c@kwno=\count282
\c@doanno=\count283
\c@dloi=\count284
\c@alfnu=\count285
\c@dtfnu=\count286
\c@afnu=\count287
\c@sei=\count288
\c@seii=\count289
\c@dbhours=\count290
\c@dbmins=\count291
) (./daad-color.sty) (./daad-bbbb.sty
\c@taeller=\count292
\sektnamesavebox=\box68
\chapname=\box69
\sektname=\box70
\subsektname=\box71
\subsubsektname=\box72
\parname=\box73
\subparname=\box74
\c@para=\count293
\c@subpar=\count294
\c@npara=\count295
) (./daad-index.sty
\c@concepts=\count296
\c@allconcepts=\count297
\c@filosofnummer=\count298
)
(./rslenv.sty
RSL Environment, Version V1.6.1-0, Copyright CRI A/S
\rslatexindentlength=\skip65
\@rsltempbox=\box75
\rslrunwidth=\skip66
\saverslrunwidth=\skip67
\rslblkwidth=\skip68
\rsloptbox=\box76
\rslpageval=\count299
\c@rslform=\count300
\c@rsllin=\count301
\c@domform=\count302
\c@domlin=\count303
\formvspace=\skip69
\linevspace=\skip70
\leftnumwid=\skip71
\rightnumwid=\skip72
\numwid=\skip73
\nonumindent=\skip74
\deltarslindent=\skip75
\rslindent=\skip76
\@piggyspace=\skip77
LaTeX Font Info:    Try loading font information for OT1+pxr on input line 326.

(/usr/share/texlive/texmf-dist/tex/latex/pxfonts/ot1pxr.fd
File: ot1pxr.fd 2000/12/14 v1.0
)
\rsldiff=\skip78
\rslinout=\count304
\linespacing=\skip79
\@rsltempboxwidth=\skip80
\rslsavelin=\count305
\@maxpassed=\count306
\@nbrpassed=\count307
\maxwidth=\skip81
\thenwidth=\skip82
\oldparindent=\skip83
) (./faoc-demo.sty
\c@disc=\count308
)
(./book.sty) (./filo.sty) (./slide-formula.sty
\c@kkk=\count309
) (./eurosym.sty
Package: eurosym 1998/08/06 v1.1 European currency symbol ``Euro''
\@eurobox=\box77
) (./primer.sty
\c@xamp=\count310
\c@pdef=\count311
\c@slideno=\count312
\c@vienna=\count313
\c@uprm=\count314
\c@primerexample=\count315
\c@monoschema=\count316
\c@monosuggestion=\count317
\c@primerdefinition=\count318
\c@xample=\count319
\c@defc=\count320
\c@fx=\count321
\intpull=\box78
\c@nnn=\count322
\c@ddd=\count323
\c@shadeschema=\count324
\c@kapno=\count325
\c@opgave=\count326
\c@modchoi=\count327
\c@metodetrin=\count328
\c@methstep=\count329
\c@special=\count330
\c@savesection=\count331
\c@apdxsection=\count332
)
(./k5678.sty) (./methods.sty
\dadmethod@idxfile=\write5
\openout5 = `dadmethod.idx'.


Writing index file dadmethod.idx 
\c@prin=\count333
\c@proc=\count334
\c@tech=\count335
\c@tool=\count336
\c@xprinciple=\count337
\c@xprocedure=\count338
\c@xtechnique=\count339
\c@xtool=\count340
)
\c@calculus=\count341
 (./bogen.sty)
\defind@idxfile=\write6
\openout6 = `defind.idx'.


Writing index file defind.idx 
\conind@idxfile=\write7
\openout7 = `conind.idx'.

Writing index file conind.idx 
\pexaind@idxfile=\write8
\openout8 = `pexaind.idx'.

Writing index file pexaind.idx 
\eind@idxfile=\write9
\openout9 = `eind.idx'.

Writing index file eind.idx 
\symind@idxfile=\write10
\openout10 = `symind.idx'.

Writing index file symind.idx 
\symbind@idxfile=\write11
\openout11 = `symbind.idx'.

Writing index file symbind.idx 
\pipe@idxfile=\write12
\openout12 = `pipe.idx'.

Writing index file pipe.idx 
\pdefind@idxfile=\write13
\openout13 = `pdefind.idx'.

Writing index file pdefind.idx 
\pconind@idxfile=\write14
\openout14 = `pconind.idx'.

Writing index file pconind.idx 
(./dommod.aux (./primer-forsider.aux) (./primer-intro.aux)
(./primer-filosofi.aux) (./primer-domains.aux) (./primer-extq.aux)
(./primer-intq.aux) (./primer-perd.aux) (./primer-closing.aux)
(./primer-bib.aux) (./primer-road.aux) (./app-pipeline.aux) (./primer-rsl.aux)
(./primer-indexes.aux))
\openout1 = `dommod.aux'.

LaTeX Font Info:    Checking defaults for OML/pxmi/m/it on input line 266.
LaTeX Font Info:    Try loading font information for OML+pxmi on input line 266
.

(/usr/share/texlive/texmf-dist/tex/latex/pxfonts/omlpxmi.fd
File: omlpxmi.fd 2000/12/14 v1.0
)
LaTeX Font Info:    ... okay on input line 266.
LaTeX Font Info:    Checking defaults for T1/cmr/m/n on input line 266.
LaTeX Font Info:    ... okay on input line 266.
LaTeX Font Info:    Checking defaults for OT1/cmr/m/n on input line 266.
LaTeX Font Info:    ... okay on input line 266.
LaTeX Font Info:    Checking defaults for OMS/pxsy/m/n on input line 266.
LaTeX Font Info:    Try loading font information for OMS+pxsy on input line 266
.

(/usr/share/texlive/texmf-dist/tex/latex/pxfonts/omspxsy.fd
File: omspxsy.fd 2000/12/14 v1.0
)
LaTeX Font Info:    ... okay on input line 266.
LaTeX Font Info:    Checking defaults for OMX/pxex/m/n on input line 266.
LaTeX Font Info:    Try loading font information for OMX+pxex on input line 266
.

(/usr/share/texlive/texmf-dist/tex/latex/pxfonts/omxpxex.fd
File: omxpxex.fd 2000/12/14 v1.0
)
LaTeX Font Info:    ... okay on input line 266.
LaTeX Font Info:    Checking defaults for U/pxexa/m/n on input line 266.
LaTeX Font Info:    Try loading font information for U+pxexa on input line 266.


(/usr/share/texlive/texmf-dist/tex/latex/pxfonts/upxexa.fd
File: upxexa.fd 2000/12/14 v1.0
)
LaTeX Font Info:    ... okay on input line 266.
LaTeX Font Info:    Checking defaults for TS1/cmr/m/n on input line 266.
LaTeX Font Info:    Try loading font information for TS1+cmr on input line 266.


(/usr/share/texlive/texmf-dist/tex/latex/base/ts1cmr.fd
File: ts1cmr.fd 2014/09/29 v2.5h Standard LaTeX font definitions
)
LaTeX Font Info:    ... okay on input line 266.

*geometry* detected driver: dvips
*geometry* verbose mode - [ preamble ] result:
* driver: dvips
* paper: custom
* layout: <same size as paper>
* layoutoffset:(h,v)=(0.0pt,0.0pt)
* modes: twoside 
* h-part:(L,W,R)=(71.70166pt, 418.25368pt, 107.55254pt)
* v-part:(T,H,B)=(101.40665pt, 591.5302pt, 152.11pt)
* \paperwidth=597.50787pt
* \paperheight=845.04684pt
* \textwidth=424.58624pt
* \textheight=646.0pt
* \oddsidemargin=18.06749pt
* \evensidemargin=18.06749pt
* \topmargin=0.0pt
* \headheight=12.0pt
* \headsep=12.0pt
* \topskip=10.0pt
* \footskip=30.0pt
* \marginparwidth=54.2025pt
* \marginparsep=11.0pt
* \columnsep=10.0pt
* \skip\footins=9.0pt plus 4.0pt minus 2.0pt
* \hoffset=0.0pt
* \voffset=0.0pt
* \mag=1000
* \@twocolumnfalse
* \@twosidetrue
* \@mparswitchtrue
* \@reversemarginfalse
* (1in=72.27pt=25.4mm, 1cm=28.453pt)

Package minitoc(hints) Info: I0049
(minitoc(hints))             ==> You requested the hints option. 
(minitoc(hints))             Some hints are eventually given below.
Package scrwfile Info: Extending `\@starttoc`  on input line 266.
\openout2 = `primer-forsider.aux'.

(./primer-forsider.tex
LaTeX Font Info:    Try loading font information for OT1+pxss on input line 10.


(/usr/share/texlive/texmf-dist/tex/latex/pxfonts/ot1pxss.fd
File: ot1pxss.fd 2000/12/14 v1.0
)
LaTeX Font Info:    Font shape `OT1/pxss/bx/n' in size <20.74> not available
(Font)              Font shape `OT1/pxss/b/n' tried instead on input line 11.
LaTeX Font Info:    Font shape `OT1/pxss/bx/n' in size <18> not available
(Font)              Font shape `OT1/pxss/b/n' tried instead on input line 20.
LaTeX Font Info:    Calculating math sizes for size <18> on input line 20.
LaTeX Font Info:    Try loading font information for OT1+ptm on input line 20.

(/usr/share/texlive/texmf-dist/tex/latex/psnfss/ot1ptm.fd
File: ot1ptm.fd 2001/06/04 font definitions for OT1/ptm.
)
LaTeX Font Info:    Font shape `OT1/ptm/bx/n' in size <18> not available
(Font)              Font shape `OT1/ptm/b/n' tried instead on input line 20.
LaTeX Font Info:    Font shape `OT1/ptm/bx/n' in size <13.3201> not available
(Font)              Font shape `OT1/ptm/b/n' tried instead on input line 20.
LaTeX Font Info:    Font shape `OT1/ptm/bx/n' in size <10.80011> not available
(Font)              Font shape `OT1/ptm/b/n' tried instead on input line 20.
LaTeX Font Info:    Try loading font information for U+pxsya on input line 20.

(/usr/share/texlive/texmf-dist/tex/latex/pxfonts/upxsya.fd
File: upxsya.fd 2000/12/14 v1.0
)
LaTeX Font Info:    Try loading font information for U+pxsyb on input line 20.

(/usr/share/texlive/texmf-dist/tex/latex/pxfonts/upxsyb.fd
File: utxsyb.fd 2000/12/14 v1.0
)
LaTeX Font Info:    Try loading font information for U+wasy on input line 20.

(/usr/share/texlive/texmf-dist/tex/latex/wasysym/uwasy.fd
File: uwasy.fd 2003/10/30 v2.0 Wasy-2 symbol font definitions
)

LaTeX Font Warning: Font shape `U/wasy/m/n' in size <18> not available
(Font)              size <17.28> substituted on input line 20.


LaTeX Font Warning: Font shape `U/wasy/m/n' in size <13.3201> not available
(Font)              size <14.4> substituted on input line 20.

LaTeX Font Info:    Try loading font information for U+pxmia on input line 20.
(/usr/share/texlive/texmf-dist/tex/latex/pxfonts/upxmia.fd
File: upxmia.fd 2000/12/14 v1.0
)
LaTeX Font Info:    Try loading font information for U+pxsyc on input line 20.

(/usr/share/texlive/texmf-dist/tex/latex/pxfonts/upxsyc.fd
File: upxsyc.fd 2000/12/14 v1.0
)
LaTeX Font Info:    Calculating math sizes for size <8.5> on input line 20.
LaTeX Font Info:    Font shape `OT1/ptm/bx/n' in size <8.5> not available
(Font)              Font shape `OT1/ptm/b/n' tried instead on input line 20.
LaTeX Font Info:    Font shape `OT1/ptm/bx/n' in size <6.29004> not available
(Font)              Font shape `OT1/ptm/b/n' tried instead on input line 20.
LaTeX Font Info:    Font shape `OT1/ptm/bx/n' in size <5.10005> not available
(Font)              Font shape `OT1/ptm/b/n' tried instead on input line 20.


LaTeX Font Warning: Font shape `U/wasy/m/n' in size <8.5> not available
(Font)              size <8> substituted on input line 20.

File: Florey.eps Graphic file (type eps)
<Florey.eps>
LaTeX Font Info:    Font shape `OT1/ptm/bx/n' in size <10> not available
(Font)              Font shape `OT1/ptm/b/n' tried instead on input line 30.
LaTeX Font Info:    Font shape `OT1/ptm/bx/n' in size <7.4> not available
(Font)              Font shape `OT1/ptm/b/n' tried instead on input line 30.
LaTeX Font Info:    Font shape `OT1/ptm/bx/n' in size <6> not available
(Font)              Font shape `OT1/ptm/b/n' tried instead on input line 30.
LaTeX Font Info:    Font shape `OT1/pxss/bx/n' in size <10> not available
(Font)              Font shape `OT1/pxss/b/n' tried instead on input line 30.
LaTeX Font Info:    Font shape `OT1/pxss/bx/n' in size <7> not available
(Font)              Font shape `OT1/pxss/b/n' tried instead on input line 30.
LaTeX Font Info:    Try loading font information for TS1+pxss on input line 30.

 (/usr/share/texlive/texmf-dist/tex/latex/pxfonts/ts1pxss.fd
File: ts1pxss.fd 2000/12/14 v1.0
)
[1




]
LaTeX Font Info:    Try loading font information for TS1+pxr on input line 36.
 (/usr/share/texlive/texmf-dist/tex/latex/pxfonts/ts1pxr.fd
File: ts1pxr.fd 2000/12/14 v1.0
) [2]
LaTeX Font Info:    Font shape `OT1/pxss/bx/n' in size <14> not available
(Font)              Font shape `OT1/pxss/b/n' tried instead on input line 54.
LaTeX Font Info:    Try loading font information for OT1+pxtt on input line 55.


(/usr/share/texlive/texmf-dist/tex/latex/pxfonts/ot1pxtt.fd
File: ot1pxtt.fd 2000/12/14 v1.0
) [3] [4]
(./primer-front.tex
Package minitoc Info: I0006
(minitoc)             dommod.mtc0 is empty on input line 12.


Package mathptmx Warning: There are no bold math fonts on input line 24.

LaTeX Font Info:    Font shape `OT1/pxss/bx/n' in size <12> not available
(Font)              Font shape `OT1/pxss/b/n' tried instead on input line 24.
[5]
LaTeX Font Info:    Font shape `OT1/pxss/bx/n' in size <8.5> not available
(Font)              Font shape `OT1/pxss/b/n' tried instead on input line 119.
 [6])
Package minitoc Info: I0024
(minitoc)             PREPARING MINITOCS FROM dommod.toc on input line 73.

{\reset@font\mtcSfont\mtc@string\contentsline{section}{\noexpand \leavevmode {{
\color {red}\textbf {\textsf {Preface}}\color {black}}}}{\reset@font\mtcSfont v
}}
{\reset@font\mtcSSfont\mtc@string\contentsline{subsection}{\noexpand \leavevmod
e {{\color {blue}\textbf {\textsf {The Triptych Dogma}}\color {black}}}}{\reset
@font\mtcSSfont v}}
{\reset@font\mtcSSfont\mtc@string\contentsline{subsection}{\noexpand \leavevmod
e {{\color {blue}\textbf {\textsf {Domains -- What Are They\tmspace +\thinmuski
p {.1667em}?}}\color {black}}}}{\reset@font\mtcSSfont v}}
{\reset@font\mtcSSfont\mtc@string\contentsline{subsection}{\noexpand \leavevmod
e {{\color {blue}\textbf {\textsf {Aim and Objectives}}\color {black}}}}{\reset
@font\mtcSSfont v}}
{\reset@font\mtcSSfont\mtc@string\contentsline{subsection}{\noexpand \leavevmod
e {{\color {blue}\textbf {\textsf {Methodology}}\color {black}}}}{\reset@font\m
tcSSfont vi}}
{\reset@font\mtcSSfont\mtc@string\contentsline{subsection}{\noexpand \leavevmod
e {{\color {blue}\textbf {\textsf {An Emphasis}}\color {black}}}}{\reset@font\m
tcSSfont vi}}
{\reset@font\mtcSSfont\mtc@string\contentsline{subsection}{\noexpand \leavevmod
e {{\color {blue}\textbf {\textsf {A Caveat}}\color {black}}}}{\reset@font\mtcS
Sfont vii}}
{\reset@font\mtcSSfont\mtc@string\contentsline{subsection}{\noexpand \leavevmod
e {{\color {red}\textbf {\textsf {Table of Contents}}\color {black}}}}{\reset@f
ont\mtcSSfont vii}}
{\reset@font\mtcSSfont\mtc@string\contentsline{subsection}{\noexpand \leavevmod
e {{\color {red}\textbf {\textsf {End of Table of Contents}}\color {black}}}}{\
reset@font\mtcSSfont xi}}
Package minitoc Info: I0033
(minitoc)             Writing dommod.mtc1.
\openout3 = `dommod.mtc1'.

Package minitoc Info: I0033
(minitoc)             Writing dommod.mtc2.
\openout3 = `dommod.mtc2'.

Package minitoc Info: I0033
(minitoc)             Writing dommod.mtc3.
\openout3 = `dommod.mtc3'.

Package minitoc Info: I0033
(minitoc)             Writing dommod.mtc4.
\openout3 = `dommod.mtc4'.

Package minitoc Info: I0033
(minitoc)             Writing dommod.mtc5.
\openout3 = `dommod.mtc5'.

Package minitoc Info: I0033
(minitoc)             Writing dommod.mtc6.
\openout3 = `dommod.mtc6'.

Package minitoc Info: I0033
(minitoc)             Writing dommod.mtc7.
\openout3 = `dommod.mtc7'.

Package minitoc Info: I0033
(minitoc)             Writing dommod.mtc8.
\openout3 = `dommod.mtc8'.

Package minitoc Info: I0033
(minitoc)             Writing dommod.mtc9.
\openout3 = `dommod.mtc9'.

Package minitoc Info: I0033
(minitoc)             Writing dommod.mtc10.
\openout3 = `dommod.mtc10'.

Package minitoc Info: I0033
(minitoc)             Writing dommod.mtc11.
\openout3 = `dommod.mtc11'.

Package minitoc Info: I0033
(minitoc)             Writing dommod.mtc12.
\openout3 = `dommod.mtc12'.

[7] [8


]
LaTeX Font Info:    Font shape `OT1/pxss/bx/n' in size <16> not available
(Font)              Font shape `OT1/pxss/b/n' tried instead on input line 73.

Use my own \@starttoc for toc
(./dommod.toc
LaTeX Font Info:    Font shape `OT1/pxtt/bx/n' in size <10> not available
(Font)              Font shape `OT1/pxtt/b/n' tried instead on input line 26.
 [9] [10])) [11] [12



]
\openout2 = `primer-intro.aux'.

 (./primer-intro.tex
{{\color {black}\textbf {\textsf {Chapter}}\color {black}}} {1.}
\openout3 = `dommod.mtc'.

\openout3 = `dommod.mtc'.

(./dommod.mtc1
LaTeX Font Info:    Font shape `OT1/pxtt/bx/n' in size <8.5> not available
(Font)              Font shape `OT1/pxtt/b/n' tried instead on input line 16.
) [1



] [2]
File: SE1.eps Graphic file (type eps)
 <SE1.eps>
File: SE2.eps Graphic file (type eps)
 <SE2.eps>
File: SE3.eps Graphic file (type eps)
 <SE3.eps> [3] [4]
LaTeX Font Info:    Font shape `OT1/pxtt/bx/n' in size <12> not available
(Font)              Font shape `OT1/pxtt/b/n' tried instead on input line 474.
LaTeX Font Info:    Font shape `OT1/ptm/bx/n' in size <12> not available
(Font)              Font shape `OT1/ptm/b/n' tried instead on input line 474.
LaTeX Font Info:    Font shape `OT1/ptm/bx/n' in size <9> not available
(Font)              Font shape `OT1/ptm/b/n' tried instead on input line 474.
LaTeX Font Info:    Font shape `OT1/ptm/bx/n' in size <7> not available
(Font)              Font shape `OT1/ptm/b/n' tried instead on input line 474.
) [5]
\openout2 = `primer-filosofi.aux'.


(./primer-filosofi.tex [6




]
{{\color {black}\textbf {\textsf {Chapter}}\color {black}}} {2.}
\openout3 = `dommod.mtc'.

\openout3 = `dommod.mtc'.

(./dommod.mtc2 [7]) [8]
Missing character: There is no  in font pxsl!
Missing character: There is no  in font pxsl!
Missing character: There is no  in font pxsl!
 [9]
LaTeX Font Info:    Font shape `OT1/pxss/bx/sl' in size <10> not available
(Font)              Font shape `OT1/pxss/b/sl' tried instead on input line 308.

 [10] [11] [12] [13] [14] [15] [16] [17] [18]
[19] [20] [21] [22]) [23]
\openout2 = `primer-domains.aux'.

 (./primer-domains.tex [24




]
{{\color {black}\textbf {\textsf {Chapter}}\color {black}}} {3.}
\openout3 = `dommod.mtc'.

\openout3 = `dommod.mtc'.

(./dommod.mtc3) [25] [26] [27] [28]
File: onto.eps Graphic file (type eps)
 <onto.eps> [29] [30] [31] [32]) [33]
\openout2 = `primer-extq.aux'.


(./primer-extq.tex [34




]
{{\color {black}\textbf {\textsf {Chapter}}\color {black}}} {4.}
\openout3 = `dommod.mtc'.

\openout3 = `dommod.mtc'.

(./dommod.mtc4) [35]
LaTeX Font Info:    Font shape `OT1/pxss/bx/sl' in size <8.5> not available
(Font)              Font shape `OT1/pxss/b/sl' tried instead on input line 149.



Package multicol Warning: I moved some lines to the next page.
(multicol)                Footnotes on page 36 might be wrong on input line 159
.

[36]

Package xcolor Warning: Incompatible color definition on input line 237.


Package xcolor Warning: Incompatible color definition on input line 237.


Package xcolor Warning: Incompatible color definition on input line 237.

[37]

Package xcolor Warning: Incompatible color definition on input line 346.


Package xcolor Warning: Incompatible color definition on input line 346.


Package xcolor Warning: Incompatible color definition on input line 346.

File: onto.eps Graphic file (type eps)
<onto.eps>

LaTeX Warning: `h' float specifier changed to `ht'.

[38] [39]

Package xcolor Warning: Incompatible color definition on input line 526.


Package xcolor Warning: Incompatible color definition on input line 526.


Package xcolor Warning: Incompatible color definition on input line 526.


Package xcolor Warning: Incompatible color definition on input line 586.


Package xcolor Warning: Incompatible color definition on input line 586.


Package xcolor Warning: Incompatible color definition on input line 586.

[40]

Package xcolor Warning: Incompatible color definition on input line 661.


Package xcolor Warning: Incompatible color definition on input line 661.


Package xcolor Warning: Incompatible color definition on input line 661.


Package xcolor Warning: Incompatible color definition on input line 725.


Package xcolor Warning: Incompatible color definition on input line 725.


Package xcolor Warning: Incompatible color definition on input line 725.

[41]

Package xcolor Warning: Incompatible color definition on input line 791.


Package xcolor Warning: Incompatible color definition on input line 791.


Package xcolor Warning: Incompatible color definition on input line 791.


Package xcolor Warning: Incompatible color definition on input line 855.


Package xcolor Warning: Incompatible color definition on input line 855.


Package xcolor Warning: Incompatible color definition on input line 855.


Package xcolor Warning: Incompatible color definition on input line 893.

[42]

Package xcolor Warning: Incompatible color definition on input line 893.


Package xcolor Warning: Incompatible color definition on input line 893.


Package xcolor Warning: Incompatible color definition on input line 982.


Package xcolor Warning: Incompatible color definition on input line 982.


Package xcolor Warning: Incompatible color definition on input line 982.

[43]

Package xcolor Warning: Incompatible color definition on input line 1090.


Package xcolor Warning: Incompatible color definition on input line 1090.


Package xcolor Warning: Incompatible color definition on input line 1090.


Package xcolor Warning: Incompatible color definition on input line 1168.


Package xcolor Warning: Incompatible color definition on input line 1168.


Package xcolor Warning: Incompatible color definition on input line 1168.


Package xcolor Warning: Incompatible color definition on input line 1168.

[44]

Package xcolor Warning: Incompatible color definition on input line 1168.


Package xcolor Warning: Incompatible color definition on input line 1168.


Underfull \hbox (badness 10000) in paragraph at lines 1295--1295
\OT1/pxtt/m/n/8.5 land between two places that has been pa-ved or otherwise imp
roved to allow travel by foot or
 []

[45]

Package xcolor Warning: Incompatible color definition on input line 1343.


Package xcolor Warning: Incompatible color definition on input line 1343.


Package xcolor Warning: Incompatible color definition on input line 1343.


Package xcolor Warning: Incompatible color definition on input line 1385.


Package xcolor Warning: Incompatible color definition on input line 1385.


Package xcolor Warning: Incompatible color definition on input line 1385.


Package xcolor Warning: Incompatible color definition on input line 1446.

LaTeX Font Info:    Font shape `OT1/ptm/bx/n' in size <5> not available
(Font)              Font shape `OT1/ptm/b/n' tried instead on input line 1446.

Package xcolor Warning: Incompatible color definition on input line 1446.


Package xcolor Warning: Incompatible color definition on input line 1446.


Package xcolor Warning: Incompatible color definition on input line 1446.

[46]

Package xcolor Warning: Incompatible color definition on input line 1446.


Package xcolor Warning: Incompatible color definition on input line 1446.

[47]
File: rail1.eps Graphic file (type eps)
 <rail1.eps>
File: rail2.eps Graphic file (type eps)
 <rail2.eps>
File: rts-ontology.eps Graphic file (type eps)
 <rts-ontology.eps> [48]

Package xcolor Warning: Incompatible color definition on input line 1757.


Package xcolor Warning: Incompatible color definition on input line 1757.


Package xcolor Warning: Incompatible color definition on input line 1757.


Package xcolor Warning: Incompatible color definition on input line 1757.

[49]

Package xcolor Warning: Incompatible color definition on input line 1757.


Package xcolor Warning: Incompatible color definition on input line 1757.


Package xcolor Warning: Incompatible color definition on input line 1792.


Package xcolor Warning: Incompatible color definition on input line 1792.


Package xcolor Warning: Incompatible color definition on input line 1792.


Package xcolor Warning: Incompatible color definition on input line 1816.


Package xcolor Warning: Incompatible color definition on input line 1816.


Package xcolor Warning: Incompatible color definition on input line 1816.


Overfull \hbox (6.2708pt too wide) in paragraph at lines 1818--1831
[]\OT1/pxtt/m/n/10 is[]animal[][][] \OT1/pxr/m/n/10 is a method []\OT1/pxss/b/n
/10 tool.[][][][] \OT1/pxr/m/n/10 The pred-i-cate \OT1/pxtt/m/n/10 is[]living[]
species($\OML/pxmi/m/it/10 `$\OT1/pxtt/m/n/10 ) \OT1/pxr/m/n/10 is a pre-req-ui
-site for \OT1/pxtt/m/n/10 is[]animal($\OML/pxmi/m/it/10 `$\OT1/pxtt/m/n/10 )\O
T1/pxr/m/n/10 .
 []


Package xcolor Warning: Incompatible color definition on input line 1852.


Package xcolor Warning: Incompatible color definition on input line 1852.


Package xcolor Warning: Incompatible color definition on input line 1852.


Package xcolor Warning: Incompatible color definition on input line 1852.

[50]

Package xcolor Warning: Incompatible color definition on input line 1852.


Package xcolor Warning: Incompatible color definition on input line 1852.


Overfull \hbox (3.27235pt too wide) in paragraph at lines 1906--1922
\OT1/pxtt/m/n/10 an[]-parts, de-term-ine[]-single[]-sort[]-part[]set \OT1/pxr/m
/n/10 and \OT1/pxtt/m/n/10 de-term-ine[]-al-tern-a-tive[]-sorts[]-part[]-set \O
T1/pxr/m/n/10 yield
 []


Overfull \hbox (23.04929pt too wide) in paragraph at lines 1975--1978
\OT1/pxr/m/n/10 Given any uni-verse of dis-course, \OT1/pxss/m/n/10 uod:UoD\OT1
/pxr/m/n/10 , we can re-cur-sively cal-cu-late its ``full'' state, \OT1/pxss/m/
n/10 calc[]parts([]uod[])\OT1/pxr/m/n/10 . 
 []

[51] [52] [53] (./k5.tex
Underfull \hbox (badness 6725) in paragraph at lines 7--13
[]\OT1/pxss/b/n/8.5 Analysis Pred-i-cates:[][][] \OT1/pxss/m/n/8.5 These
 []


Underfull \hbox (badness 1817) in paragraph at lines 7--13
\OT1/pxss/m/n/8.5 are the \OT1/pxtt/m/n/8.5 is[]$[] $ \OT1/pxss/m/n/8.5 func-ti
ons. The
 []


Underfull \hbox (badness 10000) in paragraph at lines 13--16
[]\OT1/pxss/b/n/8.5 Analysis Func-tions:[][][] \OT1/pxss/m/n/8.5 These
 []


Underfull \hbox (badness 10000) in paragraph at lines 13--16
\OT1/pxss/m/n/8.5 They ap-ply, re-spec-tively, to
 []


Underfull \hbox (badness 10000) in paragraph at lines 13--16
\OT1/pxss/m/n/8.5 parts sat-is-fy-ing re-spec-tive
 []


Underfull \hbox (badness 1701) in paragraph at lines 16--19
[]\OT1/pxss/b/n/8.5 State Cal-cu-la-tion:[][][] \OT1/pxss/m/n/8.5 The state
 []

(./k5ad.tex) [54])) [55]
\openout2 = `primer-intq.aux'.

 (./primer-intq.tex [56




]
{{\color {black}\textbf {\textsf {Chapter}}\color {black}}} {5.}
\openout3 = `dommod.mtc'.

\openout3 = `dommod.mtc'.

(./dommod.mtc5 [57]) [58]

Package xcolor Warning: Incompatible color definition on input line 219.


Underfull \hbox (badness 1028) in paragraph at lines 219--219
[]\OT1/pxtt/m/n/10 is[]manifest:[][][][] []\OT1/pxr/m/n/10 The method pro-vides
 the []\OT1/pxss/b/sl/10 do-main anal-y-sis
 []


Package xcolor Warning: Incompatible color definition on input line 219.


Package xcolor Warning: Incompatible color definition on input line 219.


Package xcolor Warning: Incompatible color definition on input line 230.

[59]

Package xcolor Warning: Incompatible color definition on input line 230.


Package xcolor Warning: Incompatible color definition on input line 230.

[60]

Package xcolor Warning: Incompatible color definition on input line 465.


Package xcolor Warning: Incompatible color definition on input line 465.


Package xcolor Warning: Incompatible color definition on input line 465.

[61]

Package xcolor Warning: Incompatible color definition on input line 509.


Package xcolor Warning: Incompatible color definition on input line 509.


Package xcolor Warning: Incompatible color definition on input line 509.

[62] [63] [64]

Package xcolor Warning: Incompatible color definition on input line 967.


Package xcolor Warning: Incompatible color definition on input line 967.


Package xcolor Warning: Incompatible color definition on input line 967.

[65] [66] [67]
File: rail-mereo.eps Graphic file (type eps)
 <rail-mereo.eps> [68]

Package xcolor Warning: Incompatible color definition on input line 1562.

[69]

Package xcolor Warning: Incompatible color definition on input line 1562.


Package xcolor Warning: Incompatible color definition on input line 1562.


Package xcolor Warning: Incompatible color definition on input line 1665.


Package xcolor Warning: Incompatible color definition on input line 1665.


Package xcolor Warning: Incompatible color definition on input line 1665.


Package xcolor Warning: Incompatible color definition on input line 1665.

[70]

Package xcolor Warning: Incompatible color definition on input line 1665.


Package xcolor Warning: Incompatible color definition on input line 1665.


Package xcolor Warning: Incompatible color definition on input line 1698.


Package xcolor Warning: Incompatible color definition on input line 1698.


Package xcolor Warning: Incompatible color definition on input line 1698.


Package xcolor Warning: Incompatible color definition on input line 1713.


Package xcolor Warning: Incompatible color definition on input line 1713.


Package xcolor Warning: Incompatible color definition on input line 1713.


Package xcolor Warning: Incompatible color definition on input line 1747.


Package xcolor Warning: Incompatible color definition on input line 1747.


Package xcolor Warning: Incompatible color definition on input line 1747.


Package xcolor Warning: Incompatible color definition on input line 1784.


Package xcolor Warning: Incompatible color definition on input line 1784.


Package xcolor Warning: Incompatible color definition on input line 1784.


Package xcolor Warning: Incompatible color definition on input line 1801.


Package xcolor Warning: Incompatible color definition on input line 1801.


Package xcolor Warning: Incompatible color definition on input line 1801.

[71]

Package xcolor Warning: Incompatible color definition on input line 1840.


Package xcolor Warning: Incompatible color definition on input line 1840.


Package xcolor Warning: Incompatible color definition on input line 1840.


Package xcolor Warning: Incompatible color definition on input line 1870.


Package xcolor Warning: Incompatible color definition on input line 1870.


Package xcolor Warning: Incompatible color definition on input line 1870.

File: attributes.eps Graphic file (type eps)
<attributes.eps>

Package xcolor Warning: Incompatible color definition on input line 1923.


Package xcolor Warning: Incompatible color definition on input line 1923.


Package xcolor Warning: Incompatible color definition on input line 1923.

[72] [73] [74]

Package xcolor Warning: Incompatible color definition on input line 2274.


Package xcolor Warning: Incompatible color definition on input line 2274.


Package xcolor Warning: Incompatible color definition on input line 2274.


Package xcolor Warning: Incompatible color definition on input line 2300.


Package xcolor Warning: Incompatible color definition on input line 2300.


Package xcolor Warning: Incompatible color definition on input line 2300.


Package xcolor Warning: Incompatible color definition on input line 2326.


Package xcolor Warning: Incompatible color definition on input line 2326.


Package xcolor Warning: Incompatible color definition on input line 2326.


Package xcolor Warning: Incompatible color definition on input line 2326.

[75]

Package xcolor Warning: Incompatible color definition on input line 2326.


Package xcolor Warning: Incompatible color definition on input line 2326.


Package xcolor Warning: Incompatible color definition on input line 2352.


Package xcolor Warning: Incompatible color definition on input line 2352.


Package xcolor Warning: Incompatible color definition on input line 2352.

[76]

Package xcolor Warning: Incompatible color definition on input line 2555.

[77]

Package xcolor Warning: Incompatible color definition on input line 2555.


Package xcolor Warning: Incompatible color definition on input line 2555.


Package xcolor Warning: Incompatible color definition on input line 2588.


Package xcolor Warning: Incompatible color definition on input line 2588.


Package xcolor Warning: Incompatible color definition on input line 2588.

(./si-units.tex [78]
Missing character: There is no  in font pxr!
Missing character: There is no  in font pxr!
Missing character: There is no  in font pxr!
Missing character: There is no  in font pxr!
Missing character: There is no  in font pxr!
Missing character: There is no  in font pxr!
Missing character: There is no  in font pxr!
Missing character: There is no  in font pxr!
Missing character: There is no  in font pxr!
Missing character: There is no  in font pxr!
Missing character: There is no  in font pxr!
Missing character: There is no  in font pxr!
Missing character: There is no  in font pxr!
Missing character: There is no  in font pxr!
Missing character: There is no  in font pxr!
Missing character: There is no  in font pxr!
Missing character: There is no  in font pxr!
Missing character: There is no  in font pxr!
Missing character: There is no  in font pxr!
Missing character: There is no  in font pxr!
 [79]
File: pte.eps Graphic file (type eps)
 <pte.eps>

LaTeX Warning: `h' float specifier changed to `ht'.

) [80] [81] [82] [83] [84] [85]

Package xcolor Warning: Incompatible color definition on input line 3646.


Package xcolor Warning: Incompatible color definition on input line 3646.


Package xcolor Warning: Incompatible color definition on input line 3646.

[86] [87] [88]
LaTeX Font Info:    Try loading font information for TS1+pxtt on input line 399
6.
 (/usr/share/texlive/texmf-dist/tex/latex/pxfonts/ts1pxtt.fd
File: ts1pxtt.fd 2000/12/14 v1.0
)
[89] [90]
File: rts-traversal.eps Graphic file (type eps)
 <rts-traversal.eps>
Overfull \hbox (20.45639pt too wide) in paragraph at lines 4230--4230
 [] 
 []

(./k6.tex
Underfull \hbox (badness 10000) in paragraph at lines 8--10
[]\OT1/pxss/b/n/8.5 Analysis Pred-i-cates:[][][]
 []


Underfull \hbox (badness 1874) in paragraph at lines 8--10
\OT1/pxss/m/n/8.5 As in Chap-ter4[] these
 []


Underfull \hbox (badness 10000) in paragraph at lines 8--10
\OT1/pxss/m/n/8.5 pred-i-cates ap-ply to
 []


Underfull \hbox (badness 10000) in paragraph at lines 10--12
[]\OT1/pxss/b/n/8.5 Attribute Anal-y-sis
 []


Underfull \hbox (badness 10000) in paragraph at lines 12--14
[]\OT1/pxss/b/n/8.5 Analysis Func-tions:[][][]
 []


Underfull \hbox (badness 8056) in paragraph at lines 12--14
\OT1/pxss/m/n/8.5 These func-tions yield
 []


Underfull \hbox (badness 10000) in paragraph at lines 12--14
\OT1/pxss/m/n/8.5 ap-pro-pri-ate val-ues:
 []


Underfull \hbox (badness 6316) in paragraph at lines 12--14
\OT1/pxss/m/n/8.5 unique iden-ti-fiers and
 []


Underfull \hbox (badness 10000) in paragraph at lines 14--16
[]\OT1/pxss/b/n/8.5 Retrieval Func-tion:[][][]
 []


Underfull \hbox (badness 1394) in paragraph at lines 14--16
\OT1/pxss/m/n/8.5 It ap-plies to a unique
 []


Underfull \hbox (badness 10000) in paragraph at lines 16--18
[]\OT1/pxss/b/n/8.5 Description Func-
 []


Underfull \hbox (badness 10000) in paragraph at lines 16--18
\OT1/pxss/b/n/8.5 tions:[][][] \OT1/pxss/m/n/8.5 There are
 []


Underfull \hbox (badness 10000) in paragraph at lines 16--18
\OT1/pxss/m/n/8.5 three such func-tions:
 []


Underfull \hbox (badness 10000) in paragraph at lines 18--20
[]\OT1/pxss/b/n/8.5 Domain Dis-cov-ery:[][][]
 []


Underfull \hbox (badness 10000) in paragraph at lines 18--20
\OT1/pxss/m/n/8.5 The pro-ce-dure here
 []


Underfull \hbox (badness 10000) in paragraph at lines 18--20
\OT1/pxss/m/n/8.5 be-ing de-scribed, in-
 []


Underfull \hbox (badness 10000) in paragraph at lines 18--20
\OT1/pxss/m/n/8.5 for-mally, guides the
 []


Underfull \hbox (badness 6348) in paragraph at lines 18--20
\OT1/pxss/m/n/8.5 do-main anal-yser cum
 []

(./k6ad.tex)
Overfull \hbox (22.38991pt too wide) in paragraph at lines 26--28
 [] 
 []

[91])) [92]
\openout2 = `primer-perd.aux'.

 (./primer-perd.tex
{{\color {black}\textbf {\textsf {Chapter}}\color {black}}} {6.}
\openout3 = `dommod.mtc'.

\openout3 = `dommod.mtc'.

(./dommod.mtc6) [93




] [94] [95]

Package xcolor Warning: Incompatible color definition on input line 470.


Package xcolor Warning: Incompatible color definition on input line 470.


Package xcolor Warning: Incompatible color definition on input line 470.

[96] [97]

Package xcolor Warning: Incompatible color definition on input line 653.


Package xcolor Warning: Incompatible color definition on input line 653.


Package xcolor Warning: Incompatible color definition on input line 653.


Package xcolor Warning: Incompatible color definition on input line 724.


Package xcolor Warning: Incompatible color definition on input line 724.


Package xcolor Warning: Incompatible color definition on input line 724.

[98] [99]

Package xcolor Warning: Incompatible color definition on input line 952.


Package xcolor Warning: Incompatible color definition on input line 952.


Package xcolor Warning: Incompatible color definition on input line 952.

[100]

Package xcolor Warning: Incompatible color definition on input line 1043.


Package xcolor Warning: Incompatible color definition on input line 1043.


Package xcolor Warning: Incompatible color definition on input line 1043.

[101]

Package xcolor Warning: Incompatible color definition on input line 1187.


Package xcolor Warning: Incompatible color definition on input line 1187.


Package xcolor Warning: Incompatible color definition on input line 1187.

[102] [103]

Package xcolor Warning: Incompatible color definition on input line 1385.


Package xcolor Warning: Incompatible color definition on input line 1385.


Package xcolor Warning: Incompatible color definition on input line 1385.

[104] [105] [106] [107] [108] [109] [110] [111] (./k7.tex
Underfull \hbox (badness 3884) in paragraph at lines 15--15
[]\OT1/pxss/b/n/8.5 Domain Dis-cov-ery:[][][] \OT1/pxss/m/n/8.5 The pro-ce-
 []

(./k7ad.tex)
Overfull \hbox (18.29039pt too wide) in paragraph at lines 19--21
 [] 
 []

[112])) [113]
\openout2 = `primer-closing.aux'.

 (./primer-closing.tex [114




]
{{\color {black}\textbf {\textsf {Chapter}}\color {black}}} {7.}
\openout3 = `dommod.mtc'.

\openout3 = `dommod.mtc'.

(./dommod.mtc7) [115] [116] [117] [118] [119]
Missing character: There is no  in font pxr!
Missing character: There is no  in font pxr!
Missing character: There is no  in font pxr!
 [120]) [121]
\openout2 = `primer-bib.aux'.

 (./primer-bib.tex
[122




]
{{\color {black}\textbf {\textsf {Chapter}}\color {black}}} {8.}
\openout3 = `dommod.mtc'.

\openout3 = `dommod.mtc'.

(./dommod.mtc8) (./dommod.bbl [123]
Underfull \hbox (badness 3803) in paragraph at lines 259--265
[]\OT1/pxss/m/n/8.5 Dines Bj^^\rner.  The Tokyo Stock Ex-change Trad-ing Rules 
www.imm.dtu.dk/ db/todai/tse-1.pdf,
 []


Underfull \hbox (badness 3803) in paragraph at lines 267--273
[]\OT1/pxss/m/n/8.5 Dines Bj^^\rner.  The Tokyo Stock Ex-change Trad-ing Rules 
www.imm.dtu.dk/ db/todai/tse-1.pdf,
 []


Underfull \hbox (badness 6445) in paragraph at lines 295--301
[]\OT1/pxss/m/n/8.5 Dines Bj^^\rner.  Do-main Anal-y-sis: En-durants -- An Anal
-y-sis & De-scrip-tion Pro-cess Model
 []


Underfull \hbox (badness 10000) in paragraph at lines 310--315
[]\OT1/pxss/m/n/8.5 Dines Bj^^\rner.  Weather In-for-ma-tion Sys-tems: To-wards
 a Do-main De-scrip-tion
 []

[124]
Underfull \hbox (badness 10000) in paragraph at lines 346--351
[]\OT1/pxss/m/n/8.5 Dines Bj^^\rner.  \OT1/pxss/m/sl/8.5 An As-sem-bly Plant Do
-main -- Anal-y-sis & De-scrip-tion\OT1/pxss/m/n/8.5 ,
 []


Underfull \hbox (badness 2707) in paragraph at lines 346--351
\OT1/pxtt/m/n/8.5 www.imm.dtu.dk/ dibj/2021/assembly/assembly-line.pdf\OT1/pxss
/m/n/8.5 .  Tech-ni-cal re-port, Tech-ni-cal Uni-ver-sity
 []

[125]
Missing character: There is no  in font txss!
Missing character: There is no  in font txss!
Missing character: There is no  in font txss!
 [126] [127] [128])) [129]
\openout2 = `primer-road.aux'.

 (./primer-road.tex [130




]
{{\color {black}\textbf {\textsf {Appendix}}\color {black}}} {{{\color {black}\
textbf {\textsf {A}}\color {black}}}.}
\openout3 = `dommod.mtc'.

\openout3 = `dommod.mtc'.

(./dommod.mtc9)
File: rts1.eps Graphic file (type eps)
 <rts1.eps>
File: rts2.eps Graphic file (type eps)
 <rts2.eps>
File: rts3.eps Graphic file (type eps)
 <rts3.eps>
File: rts4.eps Graphic file (type eps)
 <rts4.eps> [131] [132]
[133]
File: rts.eps Graphic file (type eps)
 <rts.eps> [134] [135] [136] [137] [138] [139] [140] [141] [142] [143]
[144] [145] [146] [147] [148]) [149]
\openout2 = `app-pipeline.aux'.

 (./app-pipeline.tex [150




]
{{\color {black}\textbf {\textsf {Appendix}}\color {black}}} {{{\color {black}\
textbf {\textsf {B}}\color {black}}}.}
\openout3 = `dommod.mtc'.

\openout3 = `dommod.mtc'.

(./dommod.mtc10) (./index.sty) (./pipe-illus.tex
File: Nabucco.eps Graphic file (type eps)
 <Nabucco.eps>
File: nabucco-digging.eps Graphic file (type eps)

<nabucco-digging.eps> [151]
File: pipeline-1.eps Graphic file (type eps)
 <pipeline-1.eps>
File: pipeline-2.eps Graphic file (type eps)
 <pipeline-2.eps>
File: pipeline-3.eps Graphic file (type eps)
 <pipeline-3.eps>
File: 4Way-valve.eps Graphic file (type eps)

<4Way-valve.eps>
File: ball-valves.eps Graphic file (type eps)
 <ball-valves.eps>
File: butterfly-valve-1.eps Graphic file (type eps)
 <butterfly-valve-1.eps>
File: Resun-Plug-Valve.eps Graphic file (type eps)

<Resun-Plug-Valve.eps> [152]
File: oil-drain-pump.eps Graphic file (type eps)
 <oil-drain-pump.eps>
File: pump-jack.eps Graphic file (type eps)
 <pump-jack.eps>
File: rotary-piston-pump.eps Graphic file (type eps)

<rotary-piston-pump.eps>
File: gas-compressor.eps Graphic file (type eps)
 <gas-compressor.eps>

LaTeX Warning: `h' float specifier changed to `ht'.

File: pig.eps Graphic file (type eps)
<pig.eps>
File: retired-pig.eps Graphic file (type eps)
 <retired-pig.eps>

LaTeX Warning: `h' float specifier changed to `ht'.

File: GasPigTrap.eps Graphic file (type eps)
<GasPigTrap.eps>
File: pig-receivers.eps Graphic file (type eps)
 <pig-receivers.eps>

LaTeX Warning: `h' float specifier changed to `ht'.

File: pipeline-diagram.eps Graphic file (type eps)
<pipeline-diagram.eps>
File: pipeline-scada.eps Graphic file (type eps)
 <pipeline-scada.eps> [153]) (./pipe-end.tex
File: onto.eps Graphic file (type eps)
 <onto.eps>
Overfull \hbox (11.18866pt too wide) in paragraph at lines 8--8
 [] 
 []


LaTeX Warning: `h' float specifier changed to `ht'.

File: opls-edin.eps Graphic file (type eps)
<opls-edin.eps> [154] [155] [156] [157] [158] [159] [160] [161] (./metrics.tex
[162]) [163] [164] [165]) (./pipe-per.tex [166] [167] [168] [169]) [170]
(./pipe.ind [171])) [172]
\openout2 = `primer-rsl.aux'.

 (./primer-rsl.tex
{{\color {black}\textbf {\textsf {Appendix}}\color {black}}} {{{\color {black}\
textbf {\textsf {C}}\color {black}}}.}
\openout3 = `dommod.mtc'.

\openout3 = `dommod.mtc'.

(./dommod.mtc11 [173




]) [174] [175] [176] [177] [178] (./ch2or.tex)
(./ch2and.tex) (./ch2imply.tex) [179] [180] [181] [182] [183] [184] [185]
[186] [187] [188] [189] [190] [191] [192] [193] [194] [195] [196] [197])
[198]
\openout2 = `primer-indexes.aux'.

 (./primer-indexes.tex
{{\color {black}\textbf {\textsf {Appendix}}\color {black}}} {{{\color {black}\
textbf {\textsf {D}}\color {black}}}.}
\openout3 = `dommod.mtc'.

\openout3 = `dommod.mtc'.

(./dommod.mtc12) (./pdefind.ind [199




] [200] [201]) (./pconind.ind [202]
[203]) (./eind.ind [204]) (./dadmethod.ind [205]) (./symind.ind) (./doan.ind)
[206] (./doaf.ind) (./dltind.ind) (./attr.ind) (./symbind.ind [207] [208]))
[209]
Package minitoc Info: I0009
(minitoc)             Listing minitoc auxiliary files. 
(minitoc)             Creating the dommod.maf file.
\openout3 = `dommod.maf'.

Package minitoc(hints) Info: I0019
(minitoc(hints))             No hints have been written 
(minitoc(hints))             in the dommod.log file..
\openout2 = `dommod.wrt'.

 (./dommod.aux (./primer-forsider.aux
Use my own \@writefile for toc
Use my own \@writefile for toc
Use my own \@writefile for toc
Use my own \@writefile for toc
Use my own \@writefile for toc
Use my own \@writefile for toc
Use my own \@writefile for toc
Use my own \@writefile for toc
Use my own \@writefile for @@@
Use my own \@writefile for toc
) (./primer-intro.aux
Use my own \@writefile for toc
Use my own \@writefile for lof
Use my own \@writefile for lot
Use my own \@writefile for lof
Use my own \@writefile for lot
Use my own \@writefile for toc
Use my own \@writefile for toc
Use my own \@writefile for toc
Use my own \@writefile for toc
Use my own \@writefile for toc
Use my own \@writefile for toc
Use my own \@writefile for toc
Use my own \@writefile for toc
Use my own \@writefile for toc
Use my own \@writefile for toc
Use my own \@writefile for toc
Use my own \@writefile for toc
Use my own \@writefile for toc
Use my own \@writefile for toc
Use my own \@writefile for toc
Use my own \@writefile for toc
Use my own \@writefile for toc
) (./primer-filosofi.aux
Use my own \@writefile for toc
Use my own \@writefile for lof
Use my own \@writefile for lot
Use my own \@writefile for lof
Use my own \@writefile for lot
Use my own \@writefile for toc
Use my own \@writefile for toc
Use my own \@writefile for toc
Use my own \@writefile for toc
Use my own \@writefile for toc
Use my own \@writefile for toc
Use my own \@writefile for toc
Use my own \@writefile for toc
Use my own \@writefile for toc
Use my own \@writefile for toc
Use my own \@writefile for toc
Use my own \@writefile for toc
Use my own \@writefile for toc
Use my own \@writefile for toc
Use my own \@writefile for toc
Use my own \@writefile for toc
Use my own \@writefile for toc
Use my own \@writefile for toc
Use my own \@writefile for toc
Use my own \@writefile for toc
Use my own \@writefile for toc
Use my own \@writefile for toc
Use my own \@writefile for toc
Use my own \@writefile for toc
Use my own \@writefile for toc
Use my own \@writefile for toc
Use my own \@writefile for toc
Use my own \@writefile for toc
Use my own \@writefile for toc
Use my own \@writefile for toc
Use my own \@writefile for toc
Use my own \@writefile for toc
Use my own \@writefile for toc
Use my own \@writefile for toc
Use my own \@writefile for toc
Use my own \@writefile for toc
Use my own \@writefile for toc
Use my own \@writefile for toc
Use my own \@writefile for toc
Use my own \@writefile for toc
Use my own \@writefile for toc
Use my own \@writefile for toc
Use my own \@writefile for toc
Use my own \@writefile for toc
Use my own \@writefile for toc
Use my own \@writefile for toc
Use my own \@writefile for toc
Use my own \@writefile for toc
Use my own \@writefile for toc
Use my own \@writefile for toc
Use my own \@writefile for toc
Use my own \@writefile for toc
Use my own \@writefile for toc
Use my own \@writefile for toc
Use my own \@writefile for toc
) (./primer-domains.aux
Use my own \@writefile for toc
Use my own \@writefile for lof
Use my own \@writefile for lot
Use my own \@writefile for lof
Use my own \@writefile for lot
Use my own \@writefile for toc
Use my own \@writefile for toc
Use my own \@writefile for toc
Use my own \@writefile for toc
Use my own \@writefile for toc
Use my own \@writefile for toc
Use my own \@writefile for toc
Use my own \@writefile for toc
Use my own \@writefile for toc
Use my own \@writefile for toc
Use my own \@writefile for toc
Use my own \@writefile for toc
Use my own \@writefile for toc
Use my own \@writefile for lof
Use my own \@writefile for toc
Use my own \@writefile for toc
Use my own \@writefile for toc
Use my own \@writefile for toc
Use my own \@writefile for toc
Use my own \@writefile for toc
Use my own \@writefile for toc
Use my own \@writefile for toc
Use my own \@writefile for toc
Use my own \@writefile for toc
Use my own \@writefile for toc
Use my own \@writefile for toc
Use my own \@writefile for toc
Use my own \@writefile for toc
Use my own \@writefile for toc
Use my own \@writefile for toc
Use my own \@writefile for toc
Use my own \@writefile for toc
Use my own \@writefile for toc
Use my own \@writefile for toc
Use my own \@writefile for toc
) (./primer-extq.aux
Use my own \@writefile for toc
Use my own \@writefile for lof
Use my own \@writefile for lot
Use my own \@writefile for lof
Use my own \@writefile for lot
Use my own \@writefile for toc
Use my own \@writefile for toc
Use my own \@writefile for toc
Use my own \@writefile for toc
Use my own \@writefile for toc
Use my own \@writefile for toc
Use my own \@writefile for toc
Use my own \@writefile for lof
Use my own \@writefile for toc
Use my own \@writefile for toc
Use my own \@writefile for toc
Use my own \@writefile for toc
Use my own \@writefile for toc
Use my own \@writefile for toc
Use my own \@writefile for toc
Use my own \@writefile for toc
Use my own \@writefile for toc
Use my own \@writefile for toc
Use my own \@writefile for toc
Use my own \@writefile for toc
Use my own \@writefile for toc
Use my own \@writefile for toc
Use my own \@writefile for toc
Use my own \@writefile for toc
Use my own \@writefile for lof
Use my own \@writefile for toc
Use my own \@writefile for lof
Use my own \@writefile for toc
Use my own \@writefile for toc
Use my own \@writefile for toc
Use my own \@writefile for toc
Use my own \@writefile for toc
Use my own \@writefile for toc
Use my own \@writefile for toc
Use my own \@writefile for toc
Use my own \@writefile for toc
Use my own \@writefile for toc
Use my own \@writefile for toc
Use my own \@writefile for toc
Use my own \@writefile for toc
Use my own \@writefile for toc
) (./primer-intq.aux
Use my own \@writefile for toc
Use my own \@writefile for lof
Use my own \@writefile for lot
Use my own \@writefile for lof
Use my own \@writefile for lot
Use my own \@writefile for toc
Use my own \@writefile for toc
Use my own \@writefile for toc
Use my own \@writefile for toc
Use my own \@writefile for toc
Use my own \@writefile for toc
Use my own \@writefile for toc
Use my own \@writefile for toc
Use my own \@writefile for toc
Use my own \@writefile for toc
Use my own \@writefile for toc
Use my own \@writefile for toc
Use my own \@writefile for toc
Use my own \@writefile for toc
Use my own \@writefile for toc
Use my own \@writefile for toc
Use my own \@writefile for toc
Use my own \@writefile for toc
Use my own \@writefile for toc
Use my own \@writefile for toc
Use my own \@writefile for toc
Use my own \@writefile for toc
Use my own \@writefile for toc
Use my own \@writefile for lof
Use my own \@writefile for toc
Use my own \@writefile for toc
Use my own \@writefile for toc
Use my own \@writefile for toc
Use my own \@writefile for toc
Use my own \@writefile for toc
Use my own \@writefile for toc
Use my own \@writefile for lof
Use my own \@writefile for toc
Use my own \@writefile for toc
Use my own \@writefile for toc
Use my own \@writefile for toc
Use my own \@writefile for toc
Use my own \@writefile for toc
Use my own \@writefile for toc
Use my own \@writefile for toc
Use my own \@writefile for lot
Use my own \@writefile for lot
Use my own \@writefile for lot
Use my own \@writefile for lot
Use my own \@writefile for lot
Use my own \@writefile for toc
Use my own \@writefile for toc
Use my own \@writefile for lof
Use my own \@writefile for toc
Use my own \@writefile for toc
Use my own \@writefile for toc
Use my own \@writefile for toc
Use my own \@writefile for toc
Use my own \@writefile for toc
Use my own \@writefile for toc
Use my own \@writefile for toc
Use my own \@writefile for toc
Use my own \@writefile for toc
Use my own \@writefile for toc
Use my own \@writefile for toc
Use my own \@writefile for toc
Use my own \@writefile for toc
Use my own \@writefile for toc
Use my own \@writefile for toc
Use my own \@writefile for toc
Use my own \@writefile for toc
Use my own \@writefile for toc
Use my own \@writefile for toc
Use my own \@writefile for toc
Use my own \@writefile for toc
Use my own \@writefile for toc
Use my own \@writefile for toc
Use my own \@writefile for toc
Use my own \@writefile for toc
Use my own \@writefile for toc
Use my own \@writefile for toc
Use my own \@writefile for toc
Use my own \@writefile for toc
Use my own \@writefile for toc
Use my own \@writefile for lof
) (./primer-perd.aux
Use my own \@writefile for toc
Use my own \@writefile for lof
Use my own \@writefile for lot
Use my own \@writefile for lof
Use my own \@writefile for lot
Use my own \@writefile for toc
Use my own \@writefile for toc
Use my own \@writefile for toc
Use my own \@writefile for toc
Use my own \@writefile for toc
Use my own \@writefile for toc
Use my own \@writefile for toc
Use my own \@writefile for toc
Use my own \@writefile for toc
Use my own \@writefile for toc
Use my own \@writefile for toc
Use my own \@writefile for toc
Use my own \@writefile for toc
Use my own \@writefile for toc
Use my own \@writefile for toc
Use my own \@writefile for toc
Use my own \@writefile for toc
Use my own \@writefile for toc
Use my own \@writefile for toc
Use my own \@writefile for toc
Use my own \@writefile for toc
Use my own \@writefile for toc
Use my own \@writefile for toc
Use my own \@writefile for toc
Use my own \@writefile for toc
Use my own \@writefile for toc
Use my own \@writefile for toc
Use my own \@writefile for toc
Use my own \@writefile for toc
Use my own \@writefile for toc
Use my own \@writefile for toc
) (./primer-closing.aux
Use my own \@writefile for toc
Use my own \@writefile for lof
Use my own \@writefile for lot
Use my own \@writefile for lof
Use my own \@writefile for lot
Use my own \@writefile for toc
Use my own \@writefile for toc
Use my own \@writefile for toc
Use my own \@writefile for toc
Use my own \@writefile for toc
Use my own \@writefile for toc
Use my own \@writefile for toc
Use my own \@writefile for toc
Use my own \@writefile for toc
Use my own \@writefile for toc
Use my own \@writefile for toc
Use my own \@writefile for toc
Use my own \@writefile for toc
Use my own \@writefile for toc
Use my own \@writefile for toc
Use my own \@writefile for toc
Use my own \@writefile for toc
) (./primer-bib.aux
Use my own \@writefile for toc
Use my own \@writefile for lof
Use my own \@writefile for lot
Use my own \@writefile for lof
Use my own \@writefile for lot
Use my own \@writefile for toc
Use my own \@writefile for toc
) (./primer-road.aux
Use my own \@writefile for toc
Use my own \@writefile for lof
Use my own \@writefile for lot
Use my own \@writefile for lof
Use my own \@writefile for lot
Use my own \@writefile for toc
Use my own \@writefile for lof
Use my own \@writefile for toc
Use my own \@writefile for toc
Use my own \@writefile for toc
Use my own \@writefile for toc
Use my own \@writefile for toc
Use my own \@writefile for toc
Use my own \@writefile for toc
Use my own \@writefile for toc
Use my own \@writefile for lof
Use my own \@writefile for toc
Use my own \@writefile for toc
Use my own \@writefile for toc
Use my own \@writefile for toc
Use my own \@writefile for toc
Use my own \@writefile for toc
Use my own \@writefile for toc
Use my own \@writefile for toc
Use my own \@writefile for toc
Use my own \@writefile for toc
Use my own \@writefile for toc
Use my own \@writefile for toc
Use my own \@writefile for toc
Use my own \@writefile for toc
Use my own \@writefile for toc
Use my own \@writefile for toc
Use my own \@writefile for toc
Use my own \@writefile for toc
Use my own \@writefile for toc
Use my own \@writefile for toc
Use my own \@writefile for toc
Use my own \@writefile for toc
Use my own \@writefile for toc
Use my own \@writefile for toc
Use my own \@writefile for toc
Use my own \@writefile for toc
Use my own \@writefile for toc
Use my own \@writefile for toc
Use my own \@writefile for toc
Use my own \@writefile for toc
Use my own \@writefile for toc
Use my own \@writefile for toc
Use my own \@writefile for toc
Use my own \@writefile for toc
Use my own \@writefile for toc
Use my own \@writefile for toc
Use my own \@writefile for toc
Use my own \@writefile for toc
Use my own \@writefile for toc
Use my own \@writefile for toc
) (./app-pipeline.aux
Use my own \@writefile for toc
Use my own \@writefile for lof
Use my own \@writefile for lot
Use my own \@writefile for lof
Use my own \@writefile for lot
Use my own \@writefile for lof
Use my own \@writefile for toc
Use my own \@writefile for lof
Use my own \@writefile for toc
Use my own \@writefile for lof
Use my own \@writefile for toc
Use my own \@writefile for lof
Use my own \@writefile for toc
Use my own \@writefile for lof
Use my own \@writefile for toc
Use my own \@writefile for toc
Use my own \@writefile for lof
Use my own \@writefile for lof
Use my own \@writefile for lof
Use my own \@writefile for toc
Use my own \@writefile for toc
Use my own \@writefile for lof
Use my own \@writefile for lof
Use my own \@writefile for lof
Use my own \@writefile for lof
Use my own \@writefile for toc
Use my own \@writefile for toc
Use my own \@writefile for toc
Use my own \@writefile for toc
Use my own \@writefile for toc
Use my own \@writefile for toc
Use my own \@writefile for toc
Use my own \@writefile for toc
Use my own \@writefile for toc
Use my own \@writefile for toc
Use my own \@writefile for toc
Use my own \@writefile for toc
Use my own \@writefile for toc
Use my own \@writefile for toc
Use my own \@writefile for toc
Use my own \@writefile for toc
Use my own \@writefile for toc
Use my own \@writefile for toc
Use my own \@writefile for toc
Use my own \@writefile for toc
Use my own \@writefile for toc
Use my own \@writefile for toc
Use my own \@writefile for toc
Use my own \@writefile for toc
Use my own \@writefile for toc
Use my own \@writefile for toc
Use my own \@writefile for toc
Use my own \@writefile for toc
Use my own \@writefile for toc
Use my own \@writefile for toc
Use my own \@writefile for toc
Use my own \@writefile for toc
Use my own \@writefile for toc
Use my own \@writefile for toc
) (./primer-rsl.aux
Use my own \@writefile for toc
Use my own \@writefile for lof
Use my own \@writefile for lot
Use my own \@writefile for lof
Use my own \@writefile for lot
Use my own \@writefile for toc
Use my own \@writefile for toc
Use my own \@writefile for toc
Use my own \@writefile for toc
Use my own \@writefile for toc
Use my own \@writefile for toc
Use my own \@writefile for toc
Use my own \@writefile for toc
Use my own \@writefile for toc
Use my own \@writefile for toc
Use my own \@writefile for toc
Use my own \@writefile for toc
Use my own \@writefile for toc
Use my own \@writefile for toc
Use my own \@writefile for toc
Use my own \@writefile for toc
Use my own \@writefile for toc
Use my own \@writefile for toc
Use my own \@writefile for toc
Use my own \@writefile for toc
Use my own \@writefile for toc
Use my own \@writefile for toc
Use my own \@writefile for toc
Use my own \@writefile for toc
Use my own \@writefile for toc
Use my own \@writefile for toc
Use my own \@writefile for toc
Use my own \@writefile for toc
Use my own \@writefile for toc
Use my own \@writefile for toc
Use my own \@writefile for toc
Use my own \@writefile for toc
Use my own \@writefile for toc
Use my own \@writefile for toc
Use my own \@writefile for toc
Use my own \@writefile for toc
Use my own \@writefile for toc
Use my own \@writefile for toc
Use my own \@writefile for toc
Use my own \@writefile for toc
Use my own \@writefile for toc
Use my own \@writefile for toc
Use my own \@writefile for toc
Use my own \@writefile for toc
Use my own \@writefile for toc
Use my own \@writefile for toc
Use my own \@writefile for toc
Use my own \@writefile for toc
Use my own \@writefile for toc
Use my own \@writefile for toc
Use my own \@writefile for toc
Use my own \@writefile for toc
Use my own \@writefile for toc
Use my own \@writefile for toc
Use my own \@writefile for toc
Use my own \@writefile for toc
Use my own \@writefile for toc
Use my own \@writefile for toc
Use my own \@writefile for toc
Use my own \@writefile for toc
Use my own \@writefile for toc
Use my own \@writefile for toc
Use my own \@writefile for toc
Use my own \@writefile for toc
Use my own \@writefile for toc
Use my own \@writefile for toc
Use my own \@writefile for toc
Use my own \@writefile for toc
Use my own \@writefile for toc
Use my own \@writefile for toc
Use my own \@writefile for toc
Use my own \@writefile for toc
Use my own \@writefile for toc
Use my own \@writefile for toc
Use my own \@writefile for toc
Use my own \@writefile for toc
Use my own \@writefile for toc
Use my own \@writefile for toc
Use my own \@writefile for toc
Use my own \@writefile for toc
Use my own \@writefile for toc
Use my own \@writefile for toc
) (./primer-indexes.aux
Use my own \@writefile for toc
Use my own \@writefile for lof
Use my own \@writefile for lot
Use my own \@writefile for lof
Use my own \@writefile for lot
Use my own \@writefile for toc
Use my own \@writefile for toc
Use my own \@writefile for toc
Use my own \@writefile for toc
Use my own \@writefile for toc
Use my own \@writefile for toc
Use my own \@writefile for toc
Use my own \@writefile for toc
Use my own \@writefile for toc
Use my own \@writefile for toc
))
Process extension: `toc'
\openout2 = `dommod.toc'.

(./dommod.wrt)

LaTeX Font Warning: Size substitutions with differences
(Font)              up to 1.0799pt have occurred.

 ) 
Here is how much of TeX's memory you used:
 18938 strings out of 492983
 285474 string characters out of 6134922
 463787 words of memory out of 5000000
 21683 multiletter control sequences out of 15000+600000
 78481 words of font info for 219 fonts, out of 8000000 for 9000
 1141 hyphenation exceptions out of 8191
 42i,13n,44p,742b,563s stack positions out of 5000i,500n,10000p,200000b,80000s

Output written on dommod.dvi (221 pages, 1450316 bytes).
